{"/home/travis/build/npmtest/node-npmtest-irc/test.js":{"path":"/home/travis/build/npmtest/node-npmtest-irc/test.js","s":{"1":2,"2":2,"3":2,"4":2,"5":2,"6":2,"7":2,"8":1,"9":2,"10":2,"11":1,"12":1,"13":1,"14":1,"15":2,"16":2,"17":2,"18":2,"19":1,"20":1,"21":2,"22":2,"23":2,"24":1,"25":1,"26":1,"27":1,"28":1,"29":1,"30":1,"31":1,"32":1,"33":1,"34":1,"35":1,"36":1,"37":1,"38":1,"39":2,"40":2,"41":1,"42":2,"43":2,"44":1,"45":2,"46":2,"47":1,"48":2,"49":2,"50":1,"51":1,"52":1,"53":1,"54":1},"b":{"1":[2,1,1,1],"2":[1,1,1,1],"3":[1,1],"4":[1,1],"5":[1,1],"6":[1,1],"7":[1,1],"8":[1,1],"9":[1,1],"10":[1,1,1],"11":[1,1],"12":[1,1],"13":[1,1],"14":[1,1],"15":[1,1],"16":[1,1],"17":[1,1]},"f":{"1":2,"2":2,"3":2,"4":2,"5":2,"6":1,"7":1,"8":1,"9":2,"10":2,"11":2,"12":2,"13":1},"fnMap":{"1":{"name":"(anonymous_1)","line":12,"loc":{"start":{"line":12,"column":1},"end":{"line":12,"column":13}}},"2":{"name":"(anonymous_2)","line":19,"loc":{"start":{"line":19,"column":5},"end":{"line":19,"column":17}}},"3":{"name":"(anonymous_3)","line":23,"loc":{"start":{"line":23,"column":24},"end":{"line":23,"column":36}}},"4":{"name":"(anonymous_4)","line":61,"loc":{"start":{"line":61,"column":5},"end":{"line":61,"column":17}}},"5":{"name":"(anonymous_5)","line":82,"loc":{"start":{"line":82,"column":5},"end":{"line":82,"column":17}}},"6":{"name":"(anonymous_6)","line":91,"loc":{"start":{"line":91,"column":77},"end":{"line":94,"column":10}}},"7":{"name":"(anonymous_7)","line":112,"loc":{"start":{"line":112,"column":83},"end":{"line":115,"column":10}},"skip":true},"8":{"name":"(anonymous_8)","line":123,"loc":{"start":{"line":123,"column":77},"end":{"line":126,"column":10}},"skip":true},"9":{"name":"(anonymous_9)","line":139,"loc":{"start":{"line":139,"column":12},"end":{"line":139,"column":40}},"skip":true},"10":{"name":"(anonymous_10)","line":147,"loc":{"start":{"line":147,"column":77},"end":{"line":150,"column":10}},"skip":true},"11":{"name":"(anonymous_11)","line":158,"loc":{"start":{"line":158,"column":83},"end":{"line":161,"column":10}},"skip":true},"12":{"name":"(anonymous_12)","line":169,"loc":{"start":{"line":169,"column":79},"end":{"line":172,"column":10}},"skip":true},"13":{"name":"(anonymous_13)","line":180,"loc":{"start":{"line":180,"column":75},"end":{"line":183,"column":10}},"skip":true}},"statementMap":{"1":{"start":{"line":12,"column":0},"end":{"line":195,"column":5}},"2":{"start":{"line":14,"column":4},"end":{"line":14,"column":14}},"3":{"start":{"line":19,"column":4},"end":{"line":56,"column":9}},"4":{"start":{"line":21,"column":8},"end":{"line":21,"column":19}},"5":{"start":{"line":23,"column":8},"end":{"line":35,"column":13}},"6":{"start":{"line":24,"column":12},"end":{"line":34,"column":13}},"7":{"start":{"line":25,"column":16},"end":{"line":28,"column":30}},"8":{"start":{"line":30,"column":16},"end":{"line":33,"column":27}},"9":{"start":{"line":37,"column":8},"end":{"line":39,"column":21}},"10":{"start":{"line":40,"column":8},"end":{"line":53,"column":9}},"11":{"start":{"line":43,"column":12},"end":{"line":46,"column":14}},"12":{"start":{"line":47,"column":12},"end":{"line":47,"column":18}},"13":{"start":{"line":50,"column":12},"end":{"line":51,"column":33}},"14":{"start":{"line":52,"column":12},"end":{"line":52,"column":18}},"15":{"start":{"line":55,"column":8},"end":{"line":55,"column":35}},"16":{"start":{"line":61,"column":4},"end":{"line":63,"column":9}},"17":{"start":{"line":62,"column":8},"end":{"line":62,"column":15}},"18":{"start":{"line":64,"column":4},"end":{"line":77,"column":5}},"19":{"start":{"line":70,"column":8},"end":{"line":70,"column":14}},"20":{"start":{"line":76,"column":8},"end":{"line":76,"column":14}},"21":{"start":{"line":82,"column":4},"end":{"line":84,"column":9}},"22":{"start":{"line":83,"column":8},"end":{"line":83,"column":15}},"23":{"start":{"line":85,"column":4},"end":{"line":194,"column":5}},"24":{"start":{"line":91,"column":8},"end":{"line":99,"column":10}},"25":{"start":{"line":98,"column":12},"end":{"line":98,"column":35}},"26":{"start":{"line":102,"column":8},"end":{"line":104,"column":63}},"27":{"start":{"line":105,"column":8},"end":{"line":105,"column":14}},"28":{"start":{"line":112,"column":8},"end":{"line":121,"column":10},"skip":true},"29":{"start":{"line":119,"column":12},"end":{"line":119,"column":55},"skip":true},"30":{"start":{"line":120,"column":12},"end":{"line":120,"column":48},"skip":true},"31":{"start":{"line":123,"column":8},"end":{"line":136,"column":10},"skip":true},"32":{"start":{"line":130,"column":12},"end":{"line":130,"column":76},"skip":true},"33":{"start":{"line":131,"column":12},"end":{"line":131,"column":73},"skip":true},"34":{"start":{"line":132,"column":12},"end":{"line":132,"column":74},"skip":true},"35":{"start":{"line":133,"column":12},"end":{"line":133,"column":79},"skip":true},"36":{"start":{"line":134,"column":12},"end":{"line":134,"column":25},"skip":true},"37":{"start":{"line":135,"column":12},"end":{"line":135,"column":45},"skip":true},"38":{"start":{"line":138,"column":8},"end":{"line":145,"column":14},"skip":true},"39":{"start":{"line":143,"column":16},"end":{"line":143,"column":29},"skip":true},"40":{"start":{"line":144,"column":16},"end":{"line":144,"column":55},"skip":true},"41":{"start":{"line":147,"column":8},"end":{"line":156,"column":10},"skip":true},"42":{"start":{"line":154,"column":12},"end":{"line":154,"column":25},"skip":true},"43":{"start":{"line":155,"column":12},"end":{"line":155,"column":45},"skip":true},"44":{"start":{"line":158,"column":8},"end":{"line":167,"column":10},"skip":true},"45":{"start":{"line":165,"column":12},"end":{"line":165,"column":25},"skip":true},"46":{"start":{"line":166,"column":12},"end":{"line":166,"column":48},"skip":true},"47":{"start":{"line":169,"column":8},"end":{"line":178,"column":10},"skip":true},"48":{"start":{"line":176,"column":12},"end":{"line":176,"column":25},"skip":true},"49":{"start":{"line":177,"column":12},"end":{"line":177,"column":46},"skip":true},"50":{"start":{"line":180,"column":8},"end":{"line":189,"column":10},"skip":true},"51":{"start":{"line":187,"column":12},"end":{"line":187,"column":94},"skip":true},"52":{"start":{"line":188,"column":12},"end":{"line":188,"column":48},"skip":true},"53":{"start":{"line":192,"column":8},"end":{"line":192,"column":35},"skip":true},"54":{"start":{"line":193,"column":8},"end":{"line":193,"column":14},"skip":true}},"branchMap":{"1":{"line":25,"type":"binary-expr","locations":[{"start":{"line":25,"column":23},"end":{"line":25,"column":62}},{"start":{"line":26,"column":20},"end":{"line":26,"column":70}},{"start":{"line":27,"column":20},"end":{"line":27,"column":71}},{"start":{"line":28,"column":20},"end":{"line":28,"column":29}}]},"2":{"line":30,"type":"binary-expr","locations":[{"start":{"line":30,"column":23},"end":{"line":30,"column":37}},{"start":{"line":31,"column":20},"end":{"line":31,"column":61}},{"start":{"line":32,"column":20},"end":{"line":32,"column":70}},{"start":{"line":33,"column":20},"end":{"line":33,"column":26}}]},"3":{"line":37,"type":"cond-expr","locations":[{"start":{"line":38,"column":14},"end":{"line":38,"column":20}},{"start":{"line":39,"column":14},"end":{"line":39,"column":20}}]},"4":{"line":40,"type":"switch","locations":[{"start":{"line":42,"column":8},"end":{"line":47,"column":18}},{"start":{"line":49,"column":8},"end":{"line":52,"column":18}}]},"5":{"line":44,"type":"binary-expr","locations":[{"start":{"line":44,"column":16},"end":{"line":44,"column":44}},{"start":{"line":44,"column":48},"end":{"line":44,"column":66}}]},"6":{"line":50,"type":"binary-expr","locations":[{"start":{"line":50,"column":21},"end":{"line":50,"column":49}},{"start":{"line":50,"column":53},"end":{"line":50,"column":72}}]},"7":{"line":64,"type":"switch","locations":[{"start":{"line":69,"column":4},"end":{"line":70,"column":14}},{"start":{"line":75,"column":4},"end":{"line":76,"column":14}}]},"8":{"line":85,"type":"switch","locations":[{"start":{"line":90,"column":4},"end":{"line":105,"column":14}},{"start":{"line":111,"column":4},"end":{"line":193,"column":14},"skip":true}]},"9":{"line":91,"type":"binary-expr","locations":[{"start":{"line":91,"column":42},"end":{"line":91,"column":73}},{"start":{"line":91,"column":77},"end":{"line":99,"column":9}}]},"10":{"line":102,"type":"binary-expr","locations":[{"start":{"line":102,"column":18},"end":{"line":102,"column":32}},{"start":{"line":103,"column":12},"end":{"line":103,"column":53}},{"start":{"line":104,"column":12},"end":{"line":104,"column":61}}]},"11":{"line":112,"type":"binary-expr","locations":[{"start":{"line":112,"column":45},"end":{"line":112,"column":79},"skip":true},{"start":{"line":112,"column":83},"end":{"line":121,"column":9},"skip":true}]},"12":{"line":123,"type":"binary-expr","locations":[{"start":{"line":123,"column":42},"end":{"line":123,"column":73},"skip":true},{"start":{"line":123,"column":77},"end":{"line":136,"column":9},"skip":true}]},"13":{"line":138,"type":"binary-expr","locations":[{"start":{"line":138,"column":48},"end":{"line":138,"column":85},"skip":true},{"start":{"line":139,"column":12},"end":{"line":145,"column":13},"skip":true}]},"14":{"line":147,"type":"binary-expr","locations":[{"start":{"line":147,"column":42},"end":{"line":147,"column":73},"skip":true},{"start":{"line":147,"column":77},"end":{"line":156,"column":9},"skip":true}]},"15":{"line":158,"type":"binary-expr","locations":[{"start":{"line":158,"column":45},"end":{"line":158,"column":79},"skip":true},{"start":{"line":158,"column":83},"end":{"line":167,"column":9},"skip":true}]},"16":{"line":169,"type":"binary-expr","locations":[{"start":{"line":169,"column":43},"end":{"line":169,"column":75},"skip":true},{"start":{"line":169,"column":79},"end":{"line":178,"column":9},"skip":true}]},"17":{"line":180,"type":"binary-expr","locations":[{"start":{"line":180,"column":41},"end":{"line":180,"column":71},"skip":true},{"start":{"line":180,"column":75},"end":{"line":189,"column":9},"skip":true}]}},"code":["/* istanbul instrument in package npmtest_irc */","/*jslint","    bitwise: true,","    browser: true,","    maxerr: 8,","    maxlen: 96,","    node: true,","    nomen: true,","    regexp: true,","    stupid: true","*/","(function () {","    'use strict';","    var local;","","","","    // run shared js-env code - init-before","    (function () {","        // init local","        local = {};","        // init modeJs","        local.modeJs = (function () {","            try {","                return typeof navigator.userAgent === 'string' &&","                    typeof document.querySelector('body') === 'object' &&","                    typeof XMLHttpRequest.prototype.open === 'function' &&","                    'browser';","            } catch (errorCaughtBrowser) {","                return module.exports &&","                    typeof process.versions.node === 'string' &&","                    typeof require('http').createServer === 'function' &&","                    'node';","            }","        }());","        // init global","        local.global = local.modeJs === 'browser'","            ? window","            : global;","        switch (local.modeJs) {","        // re-init local from window.local","        case 'browser':","            local = local.global.utility2.objectSetDefault(","                local.global.utility2_rollup || local.global.local,","                local.global.utility2","            );","            break;","        // re-init local from example.js","        case 'node':","            local = (local.global.utility2_rollup || require('utility2'))","                .requireReadme();","            break;","        }","        // export local","        local.global.local = local;","    }());","","","","    // run shared js-env code - function","    (function () {","        return;","    }());","    switch (local.modeJs) {","","","","    // run browser js-env code - function","    case 'browser':","        break;","","","","    // run node js-env code - function","    case 'node':","        break;","    }","","","","    // run shared js-env code - init-after","    (function () {","        return;","    }());","    switch (local.modeJs) {","","","","    // run browser js-env code - init-after","    case 'browser':","        local.testCase_browser_nullCase = local.testCase_browser_nullCase || function (","            options,","            onError","        ) {","        /*","         * this function will test browsers's null-case handling-behavior-behavior","         */","            onError(null, options);","        };","","        // run tests","        local.nop(local.modeTest &&","            document.querySelector('#testRunButton1') &&","            document.querySelector('#testRunButton1').click());","        break;","","","","    // run node js-env code - init-after","    /* istanbul ignore next */","    case 'node':","        local.testCase_buildApidoc_default = local.testCase_buildApidoc_default || function (","            options,","            onError","        ) {","        /*","         * this function will test buildApidoc's default handling-behavior-behavior","         */","            options = { modulePathList: module.paths };","            local.buildApidoc(options, onError);","        };","","        local.testCase_buildApp_default = local.testCase_buildApp_default || function (","            options,","            onError","        ) {","        /*","         * this function will test buildApp's default handling-behavior-behavior","         */","            local.testCase_buildReadme_default(options, local.onErrorThrow);","            local.testCase_buildLib_default(options, local.onErrorThrow);","            local.testCase_buildTest_default(options, local.onErrorThrow);","            local.testCase_buildCustomOrg_default(options, local.onErrorThrow);","            options = [];","            local.buildApp(options, onError);","        };","","        local.testCase_buildCustomOrg_default = local.testCase_buildCustomOrg_default ||","            function (options, onError) {","            /*","             * this function will test buildCustomOrg's default handling-behavior","             */","                options = {};","                local.buildCustomOrg(options, onError);","            };","","        local.testCase_buildLib_default = local.testCase_buildLib_default || function (","            options,","            onError","        ) {","        /*","         * this function will test buildLib's default handling-behavior","         */","            options = {};","            local.buildLib(options, onError);","        };","","        local.testCase_buildReadme_default = local.testCase_buildReadme_default || function (","            options,","            onError","        ) {","        /*","         * this function will test buildReadme's default handling-behavior-behavior","         */","            options = {};","            local.buildReadme(options, onError);","        };","","        local.testCase_buildTest_default = local.testCase_buildTest_default || function (","            options,","            onError","        ) {","        /*","         * this function will test buildTest's default handling-behavior","         */","            options = {};","            local.buildTest(options, onError);","        };","","        local.testCase_webpage_default = local.testCase_webpage_default || function (","            options,","            onError","        ) {","        /*","         * this function will test webpage's default handling-behavior","         */","            options = { modeCoverageMerge: true, url: local.serverLocalHost + '?modeTest=1' };","            local.browserTest(options, onError);","        };","","        // run test-server","        local.testRunServer(local);","        break;","    }","}());",""],"l":{"12":2,"14":2,"19":2,"21":2,"23":2,"24":2,"25":2,"30":1,"37":2,"40":2,"43":1,"47":1,"50":1,"52":1,"55":2,"61":2,"62":2,"64":2,"70":1,"76":1,"82":2,"83":2,"85":2,"91":1,"98":1,"102":1,"105":1,"112":1,"119":1,"120":1,"123":1,"130":1,"131":1,"132":1,"133":1,"134":1,"135":1,"138":1,"143":2,"144":2,"147":1,"154":2,"155":2,"158":1,"165":2,"166":2,"169":1,"176":2,"177":2,"180":1,"187":1,"188":1,"192":1,"193":1}},"/home/travis/build/npmtest/node-npmtest-irc/lib.npmtest_irc.js":{"path":"/home/travis/build/npmtest/node-npmtest-irc/lib.npmtest_irc.js","s":{"1":2,"2":2,"3":2,"4":2,"5":2,"6":2,"7":2,"8":1,"9":2,"10":2,"11":2,"12":2,"13":1,"14":1,"15":1,"16":1},"b":{"1":[2,1,1,1],"2":[1,1,1,1],"3":[1,1],"4":[2,2],"5":[1,1]},"f":{"1":2,"2":2,"3":2},"fnMap":{"1":{"name":"(anonymous_1)","line":12,"loc":{"start":{"line":12,"column":1},"end":{"line":12,"column":13}}},"2":{"name":"(anonymous_2)","line":19,"loc":{"start":{"line":19,"column":5},"end":{"line":19,"column":17}}},"3":{"name":"(anonymous_3)","line":23,"loc":{"start":{"line":23,"column":24},"end":{"line":23,"column":36}}}},"statementMap":{"1":{"start":{"line":12,"column":0},"end":{"line":53,"column":5}},"2":{"start":{"line":14,"column":4},"end":{"line":14,"column":14}},"3":{"start":{"line":19,"column":4},"end":{"line":52,"column":9}},"4":{"start":{"line":21,"column":8},"end":{"line":21,"column":19}},"5":{"start":{"line":23,"column":8},"end":{"line":35,"column":13}},"6":{"start":{"line":24,"column":12},"end":{"line":34,"column":13}},"7":{"start":{"line":25,"column":16},"end":{"line":28,"column":30}},"8":{"start":{"line":30,"column":16},"end":{"line":33,"column":27}},"9":{"start":{"line":37,"column":8},"end":{"line":39,"column":21}},"10":{"start":{"line":41,"column":8},"end":{"line":41,"column":54}},"11":{"start":{"line":43,"column":8},"end":{"line":43,"column":48}},"12":{"start":{"line":45,"column":8},"end":{"line":51,"column":9}},"13":{"start":{"line":46,"column":12},"end":{"line":46,"column":54}},"14":{"start":{"line":48,"column":12},"end":{"line":48,"column":35}},"15":{"start":{"line":49,"column":12},"end":{"line":49,"column":49}},"16":{"start":{"line":50,"column":12},"end":{"line":50,"column":43}}},"branchMap":{"1":{"line":25,"type":"binary-expr","locations":[{"start":{"line":25,"column":23},"end":{"line":25,"column":62}},{"start":{"line":26,"column":20},"end":{"line":26,"column":70}},{"start":{"line":27,"column":20},"end":{"line":27,"column":71}},{"start":{"line":28,"column":20},"end":{"line":28,"column":29}}]},"2":{"line":30,"type":"binary-expr","locations":[{"start":{"line":30,"column":23},"end":{"line":30,"column":37}},{"start":{"line":31,"column":20},"end":{"line":31,"column":61}},{"start":{"line":32,"column":20},"end":{"line":32,"column":70}},{"start":{"line":33,"column":20},"end":{"line":33,"column":26}}]},"3":{"line":37,"type":"cond-expr","locations":[{"start":{"line":38,"column":14},"end":{"line":38,"column":20}},{"start":{"line":39,"column":14},"end":{"line":39,"column":20}}]},"4":{"line":41,"type":"binary-expr","locations":[{"start":{"line":41,"column":16},"end":{"line":41,"column":44}},{"start":{"line":41,"column":48},"end":{"line":41,"column":53}}]},"5":{"line":45,"type":"if","locations":[{"start":{"line":45,"column":8},"end":{"line":45,"column":8}},{"start":{"line":45,"column":8},"end":{"line":45,"column":8}}]}},"code":["/* istanbul instrument in package npmtest_irc */","/*jslint","    bitwise: true,","    browser: true,","    maxerr: 8,","    maxlen: 96,","    node: true,","    nomen: true,","    regexp: true,","    stupid: true","*/","(function () {","    'use strict';","    var local;","","","","    // run shared js-env code - init-before","    (function () {","        // init local","        local = {};","        // init modeJs","        local.modeJs = (function () {","            try {","                return typeof navigator.userAgent === 'string' &&","                    typeof document.querySelector('body') === 'object' &&","                    typeof XMLHttpRequest.prototype.open === 'function' &&","                    'browser';","            } catch (errorCaughtBrowser) {","                return module.exports &&","                    typeof process.versions.node === 'string' &&","                    typeof require('http').createServer === 'function' &&","                    'node';","            }","        }());","        // init global","        local.global = local.modeJs === 'browser'","            ? window","            : global;","        // init utility2_rollup","        local = local.global.utility2_rollup || local;","        // init lib","        local.local = local.npmtest_irc = local;","        // init exports","        if (local.modeJs === 'browser') {","            local.global.utility2_npmtest_irc = local;","        } else {","            module.exports = local;","            module.exports.__dirname = __dirname;","            module.exports.module = module;","        }","    }());","}());",""],"l":{"12":2,"14":2,"19":2,"21":2,"23":2,"24":2,"25":2,"30":1,"37":2,"41":2,"43":2,"45":2,"46":1,"48":1,"49":1,"50":1}},"/home/travis/build/npmtest/node-npmtest-irc/example.js":{"path":"/home/travis/build/npmtest/node-npmtest-irc/example.js","s":{"1":2,"2":2,"3":2,"4":2,"5":2,"6":2,"7":2,"8":1,"9":2,"10":2,"11":2,"12":2,"13":1,"14":2,"15":2,"16":2,"17":2,"18":2,"19":0,"20":2,"21":1,"22":1,"23":1,"24":1,"25":1,"26":0,"27":0,"28":1,"29":1,"30":2,"31":0,"32":0,"33":0,"34":1,"35":2,"36":2,"37":3,"38":3,"39":3,"40":3,"41":0,"42":3,"43":3,"44":3,"45":1,"46":3,"47":1,"48":1,"49":1,"50":1,"51":1,"52":1,"53":1,"54":1,"55":1,"56":1,"57":0,"58":1,"59":6,"60":6,"61":1,"62":2,"63":0,"64":2,"65":1,"66":1,"67":0,"68":0,"69":0,"70":0,"71":0,"72":0,"73":0,"74":0,"75":0,"76":0,"77":0,"78":0,"79":0,"80":0,"81":0,"82":0,"83":0},"b":{"1":[2,1,1,1],"2":[1,1,1,1],"3":[1,1],"4":[2,2],"5":[1,1],"6":[1,1],"7":[2,0],"8":[2,1,1,1,1,1],"9":[0,2,0],"10":[1,1],"11":[2,1,1],"12":[1,0],"13":[0,2],"14":[2,0,0,0,0,0,0],"15":[0,3],"16":[3,0],"17":[1,1],"18":[0,1],"19":[1,2,0,2],"20":[1,0],"21":[1,1],"22":[0,0],"23":[0,0],"24":[0,0],"25":[0,0],"26":[0,0],"27":[0,0],"28":[0,0]},"f":{"1":2,"2":2,"3":2,"4":2,"5":2,"6":2,"7":3,"8":3,"9":3,"10":1,"11":6,"12":0},"fnMap":{"1":{"name":"(anonymous_1)","line":26,"loc":{"start":{"line":26,"column":1},"end":{"line":26,"column":13}}},"2":{"name":"(anonymous_2)","line":33,"loc":{"start":{"line":33,"column":5},"end":{"line":33,"column":17}}},"3":{"name":"(anonymous_3)","line":37,"loc":{"start":{"line":37,"column":24},"end":{"line":37,"column":36}}},"4":{"name":"(anonymous_4)","line":69,"loc":{"start":{"line":69,"column":31},"end":{"line":69,"column":48}},"skip":true},"5":{"name":"(anonymous_5)","line":78,"loc":{"start":{"line":78,"column":26},"end":{"line":78,"column":45}},"skip":true},"6":{"name":"(anonymous_6)","line":123,"loc":{"start":{"line":123,"column":33},"end":{"line":123,"column":48}},"skip":true},"7":{"name":"(anonymous_7)","line":125,"loc":{"start":{"line":125,"column":27},"end":{"line":125,"column":39}},"skip":true},"8":{"name":"(anonymous_8)","line":133,"loc":{"start":{"line":133,"column":59},"end":{"line":133,"column":74}},"skip":true},"9":{"name":"(anonymous_9)","line":143,"loc":{"start":{"line":143,"column":45},"end":{"line":143,"column":62}},"skip":true},"10":{"name":"(anonymous_10)","line":144,"loc":{"start":{"line":144,"column":73},"end":{"line":144,"column":92}},"skip":true},"11":{"name":"(anonymous_11)","line":272,"loc":{"start":{"line":272,"column":51},"end":{"line":272,"column":77}},"skip":true},"12":{"name":"(anonymous_12)","line":315,"loc":{"start":{"line":315,"column":32},"end":{"line":315,"column":61}},"skip":true}},"statementMap":{"1":{"start":{"line":26,"column":0},"end":{"line":326,"column":5}},"2":{"start":{"line":28,"column":4},"end":{"line":28,"column":14}},"3":{"start":{"line":33,"column":4},"end":{"line":60,"column":9}},"4":{"start":{"line":35,"column":8},"end":{"line":35,"column":19}},"5":{"start":{"line":37,"column":8},"end":{"line":49,"column":13}},"6":{"start":{"line":38,"column":12},"end":{"line":48,"column":13}},"7":{"start":{"line":39,"column":16},"end":{"line":42,"column":30}},"8":{"start":{"line":44,"column":16},"end":{"line":47,"column":27}},"9":{"start":{"line":51,"column":8},"end":{"line":53,"column":21}},"10":{"start":{"line":55,"column":8},"end":{"line":57,"column":45}},"11":{"start":{"line":59,"column":8},"end":{"line":59,"column":35}},"12":{"start":{"line":61,"column":4},"end":{"line":325,"column":5}},"13":{"start":{"line":69,"column":8},"end":{"line":121,"column":10},"skip":true},"14":{"start":{"line":70,"column":12},"end":{"line":88,"column":13},"skip":true},"15":{"start":{"line":76,"column":16},"end":{"line":87,"column":19},"skip":true},"16":{"start":{"line":79,"column":20},"end":{"line":86,"column":21},"skip":true},"17":{"start":{"line":82,"column":24},"end":{"line":82,"column":43},"skip":true},"18":{"start":{"line":83,"column":24},"end":{"line":83,"column":30},"skip":true},"19":{"start":{"line":85,"column":24},"end":{"line":85,"column":49},"skip":true},"20":{"start":{"line":89,"column":12},"end":{"line":107,"column":13},"skip":true},"21":{"start":{"line":92,"column":16},"end":{"line":102,"column":17},"skip":true},"22":{"start":{"line":93,"column":20},"end":{"line":93,"column":86},"skip":true},"23":{"start":{"line":94,"column":20},"end":{"line":95,"column":45},"skip":true},"24":{"start":{"line":96,"column":20},"end":{"line":96,"column":42},"skip":true},"25":{"start":{"line":97,"column":20},"end":{"line":97,"column":48},"skip":true},"26":{"start":{"line":100,"column":20},"end":{"line":100,"column":85},"skip":true},"27":{"start":{"line":101,"column":20},"end":{"line":101,"column":96},"skip":true},"28":{"start":{"line":103,"column":16},"end":{"line":103,"column":22},"skip":true},"29":{"start":{"line":106,"column":16},"end":{"line":106,"column":22},"skip":true},"30":{"start":{"line":108,"column":12},"end":{"line":120,"column":13},"skip":true},"31":{"start":{"line":114,"column":16},"end":{"line":119,"column":17},"skip":true},"32":{"start":{"line":116,"column":20},"end":{"line":116,"column":78},"skip":true},"33":{"start":{"line":118,"column":20},"end":{"line":118,"column":47},"skip":true},"34":{"start":{"line":123,"column":8},"end":{"line":141,"column":11},"skip":true},"35":{"start":{"line":124,"column":12},"end":{"line":124,"column":54},"skip":true},"36":{"start":{"line":125,"column":12},"end":{"line":140,"column":14},"skip":true},"37":{"start":{"line":126,"column":16},"end":{"line":126,"column":28},"skip":true},"38":{"start":{"line":127,"column":16},"end":{"line":127,"column":69},"skip":true},"39":{"start":{"line":128,"column":16},"end":{"line":128,"column":75},"skip":true},"40":{"start":{"line":129,"column":16},"end":{"line":131,"column":17},"skip":true},"41":{"start":{"line":130,"column":20},"end":{"line":130,"column":27},"skip":true},"42":{"start":{"line":133,"column":16},"end":{"line":137,"column":36},"skip":true},"43":{"start":{"line":134,"column":20},"end":{"line":136,"column":55},"skip":true},"44":{"start":{"line":139,"column":16},"end":{"line":139,"column":57},"skip":true},"45":{"start":{"line":143,"column":8},"end":{"line":147,"column":11},"skip":true},"46":{"start":{"line":144,"column":12},"end":{"line":146,"column":15},"skip":true},"47":{"start":{"line":145,"column":16},"end":{"line":145,"column":70},"skip":true},"48":{"start":{"line":149,"column":8},"end":{"line":149,"column":31},"skip":true},"49":{"start":{"line":150,"column":8},"end":{"line":150,"column":14},"skip":true},"50":{"start":{"line":158,"column":8},"end":{"line":158,"column":31},"skip":true},"51":{"start":{"line":160,"column":8},"end":{"line":160,"column":33},"skip":true},"52":{"start":{"line":161,"column":8},"end":{"line":161,"column":37},"skip":true},"53":{"start":{"line":162,"column":8},"end":{"line":162,"column":35},"skip":true},"54":{"start":{"line":164,"column":8},"end":{"line":164,"column":50},"skip":true},"55":{"start":{"line":166,"column":8},"end":{"line":256,"column":2},"skip":true},"56":{"start":{"line":258,"column":8},"end":{"line":286,"column":9},"skip":true},"57":{"start":{"line":259,"column":12},"end":{"line":269,"column":14},"skip":true},"58":{"start":{"line":271,"column":12},"end":{"line":285,"column":19},"skip":true},"59":{"start":{"line":274,"column":20},"end":{"line":274,"column":35},"skip":true},"60":{"start":{"line":275,"column":20},"end":{"line":284,"column":21},"skip":true},"61":{"start":{"line":277,"column":24},"end":{"line":277,"column":64},"skip":true},"62":{"start":{"line":279,"column":24},"end":{"line":279,"column":40},"skip":true},"63":{"start":{"line":281,"column":24},"end":{"line":281,"column":40},"skip":true},"64":{"start":{"line":283,"column":24},"end":{"line":283,"column":39},"skip":true},"65":{"start":{"line":288,"column":8},"end":{"line":290,"column":9},"skip":true},"66":{"start":{"line":289,"column":12},"end":{"line":289,"column":18},"skip":true},"67":{"start":{"line":291,"column":8},"end":{"line":293,"column":54},"skip":true},"68":{"start":{"line":296,"column":8},"end":{"line":301,"column":37},"skip":true},"69":{"start":{"line":303,"column":8},"end":{"line":303,"column":82},"skip":true},"70":{"start":{"line":306,"column":8},"end":{"line":308,"column":9},"skip":true},"71":{"start":{"line":307,"column":12},"end":{"line":307,"column":82},"skip":true},"72":{"start":{"line":310,"column":8},"end":{"line":312,"column":9},"skip":true},"73":{"start":{"line":311,"column":12},"end":{"line":311,"column":18},"skip":true},"74":{"start":{"line":313,"column":8},"end":{"line":313,"column":54},"skip":true},"75":{"start":{"line":314,"column":8},"end":{"line":314,"column":69},"skip":true},"76":{"start":{"line":315,"column":8},"end":{"line":323,"column":36},"skip":true},"77":{"start":{"line":316,"column":12},"end":{"line":316,"column":61},"skip":true},"78":{"start":{"line":317,"column":12},"end":{"line":320,"column":13},"skip":true},"79":{"start":{"line":318,"column":16},"end":{"line":318,"column":75},"skip":true},"80":{"start":{"line":319,"column":16},"end":{"line":319,"column":23},"skip":true},"81":{"start":{"line":321,"column":12},"end":{"line":321,"column":38},"skip":true},"82":{"start":{"line":322,"column":12},"end":{"line":322,"column":27},"skip":true},"83":{"start":{"line":324,"column":8},"end":{"line":324,"column":14},"skip":true}},"branchMap":{"1":{"line":39,"type":"binary-expr","locations":[{"start":{"line":39,"column":23},"end":{"line":39,"column":62}},{"start":{"line":40,"column":20},"end":{"line":40,"column":70}},{"start":{"line":41,"column":20},"end":{"line":41,"column":71}},{"start":{"line":42,"column":20},"end":{"line":42,"column":29}}]},"2":{"line":44,"type":"binary-expr","locations":[{"start":{"line":44,"column":23},"end":{"line":44,"column":37}},{"start":{"line":45,"column":20},"end":{"line":45,"column":61}},{"start":{"line":46,"column":20},"end":{"line":46,"column":70}},{"start":{"line":47,"column":20},"end":{"line":47,"column":26}}]},"3":{"line":51,"type":"cond-expr","locations":[{"start":{"line":52,"column":14},"end":{"line":52,"column":20}},{"start":{"line":53,"column":14},"end":{"line":53,"column":20}}]},"4":{"line":55,"type":"binary-expr","locations":[{"start":{"line":55,"column":16},"end":{"line":55,"column":44}},{"start":{"line":55,"column":49},"end":{"line":57,"column":43}}]},"5":{"line":55,"type":"cond-expr","locations":[{"start":{"line":56,"column":14},"end":{"line":56,"column":47}},{"start":{"line":57,"column":14},"end":{"line":57,"column":43}}]},"6":{"line":61,"type":"switch","locations":[{"start":{"line":68,"column":4},"end":{"line":150,"column":14},"skip":true},{"start":{"line":156,"column":4},"end":{"line":324,"column":14},"skip":true}]},"7":{"line":70,"type":"if","locations":[{"start":{"line":70,"column":12},"end":{"line":70,"column":12},"skip":true},{"start":{"line":70,"column":12},"end":{"line":70,"column":12},"skip":true}]},"8":{"line":70,"type":"binary-expr","locations":[{"start":{"line":70,"column":16},"end":{"line":70,"column":22},"skip":true},{"start":{"line":70,"column":27},"end":{"line":70,"column":32},"skip":true},{"start":{"line":71,"column":20},"end":{"line":71,"column":39},"skip":true},{"start":{"line":72,"column":20},"end":{"line":72,"column":49},"skip":true},{"start":{"line":73,"column":20},"end":{"line":73,"column":58},"skip":true},{"start":{"line":74,"column":20},"end":{"line":74,"column":69},"skip":true}]},"9":{"line":79,"type":"switch","locations":[{"start":{"line":80,"column":20},"end":{"line":80,"column":33},"skip":true},{"start":{"line":81,"column":20},"end":{"line":83,"column":30},"skip":true},{"start":{"line":84,"column":20},"end":{"line":85,"column":49},"skip":true}]},"10":{"line":89,"type":"switch","locations":[{"start":{"line":90,"column":12},"end":{"line":103,"column":22},"skip":true},{"start":{"line":105,"column":12},"end":{"line":106,"column":22},"skip":true}]},"11":{"line":89,"type":"binary-expr","locations":[{"start":{"line":89,"column":20},"end":{"line":89,"column":25},"skip":true},{"start":{"line":89,"column":29},"end":{"line":89,"column":48},"skip":true},{"start":{"line":89,"column":52},"end":{"line":89,"column":74},"skip":true}]},"12":{"line":92,"type":"if","locations":[{"start":{"line":92,"column":16},"end":{"line":92,"column":16},"skip":true},{"start":{"line":92,"column":16},"end":{"line":92,"column":16},"skip":true}]},"13":{"line":108,"type":"if","locations":[{"start":{"line":108,"column":12},"end":{"line":108,"column":12},"skip":true},{"start":{"line":108,"column":12},"end":{"line":108,"column":12},"skip":true}]},"14":{"line":108,"type":"binary-expr","locations":[{"start":{"line":108,"column":16},"end":{"line":108,"column":61},"skip":true},{"start":{"line":108,"column":66},"end":{"line":108,"column":72},"skip":true},{"start":{"line":108,"column":77},"end":{"line":108,"column":82},"skip":true},{"start":{"line":109,"column":20},"end":{"line":109,"column":39},"skip":true},{"start":{"line":110,"column":20},"end":{"line":110,"column":49},"skip":true},{"start":{"line":111,"column":20},"end":{"line":111,"column":58},"skip":true},{"start":{"line":112,"column":20},"end":{"line":112,"column":68},"skip":true}]},"15":{"line":129,"type":"if","locations":[{"start":{"line":129,"column":16},"end":{"line":129,"column":16},"skip":true},{"start":{"line":129,"column":16},"end":{"line":129,"column":16},"skip":true}]},"16":{"line":134,"type":"cond-expr","locations":[{"start":{"line":135,"column":26},"end":{"line":135,"column":29},"skip":true},{"start":{"line":136,"column":26},"end":{"line":136,"column":54},"skip":true}]},"17":{"line":164,"type":"binary-expr","locations":[{"start":{"line":164,"column":27},"end":{"line":164,"column":43},"skip":true},{"start":{"line":164,"column":47},"end":{"line":164,"column":49},"skip":true}]},"18":{"line":258,"type":"if","locations":[{"start":{"line":258,"column":8},"end":{"line":258,"column":8},"skip":true},{"start":{"line":258,"column":8},"end":{"line":258,"column":8},"skip":true}]},"19":{"line":275,"type":"switch","locations":[{"start":{"line":276,"column":20},"end":{"line":277,"column":64},"skip":true},{"start":{"line":278,"column":20},"end":{"line":279,"column":40},"skip":true},{"start":{"line":280,"column":20},"end":{"line":281,"column":40},"skip":true},{"start":{"line":282,"column":20},"end":{"line":283,"column":39},"skip":true}]},"20":{"line":288,"type":"if","locations":[{"start":{"line":288,"column":8},"end":{"line":288,"column":8},"skip":true},{"start":{"line":288,"column":8},"end":{"line":288,"column":8},"skip":true}]},"21":{"line":288,"type":"binary-expr","locations":[{"start":{"line":288,"column":12},"end":{"line":288,"column":40},"skip":true},{"start":{"line":288,"column":44},"end":{"line":288,"column":67},"skip":true}]},"22":{"line":292,"type":"binary-expr","locations":[{"start":{"line":292,"column":12},"end":{"line":292,"column":50},"skip":true},{"start":{"line":293,"column":12},"end":{"line":293,"column":53},"skip":true}]},"23":{"line":297,"type":"binary-expr","locations":[{"start":{"line":297,"column":12},"end":{"line":297,"column":61},"skip":true},{"start":{"line":298,"column":12},"end":{"line":301,"column":36},"skip":true}]},"24":{"line":303,"type":"binary-expr","locations":[{"start":{"line":303,"column":43},"end":{"line":303,"column":75},"skip":true},{"start":{"line":303,"column":79},"end":{"line":303,"column":81},"skip":true}]},"25":{"line":306,"type":"if","locations":[{"start":{"line":306,"column":8},"end":{"line":306,"column":8},"skip":true},{"start":{"line":306,"column":8},"end":{"line":306,"column":8},"skip":true}]},"26":{"line":310,"type":"if","locations":[{"start":{"line":310,"column":8},"end":{"line":310,"column":8},"skip":true},{"start":{"line":310,"column":8},"end":{"line":310,"column":8},"skip":true}]},"27":{"line":313,"type":"binary-expr","locations":[{"start":{"line":313,"column":27},"end":{"line":313,"column":43},"skip":true},{"start":{"line":313,"column":47},"end":{"line":313,"column":53},"skip":true}]},"28":{"line":317,"type":"if","locations":[{"start":{"line":317,"column":12},"end":{"line":317,"column":12},"skip":true},{"start":{"line":317,"column":12},"end":{"line":317,"column":12},"skip":true}]}},"code":["/*","example.js","","quickstart example","","instruction","    1. save this script as example.js","    2. run the shell command:","        $ npm install npmtest-irc && PORT=8081 node example.js","    3. play with the browser-demo on http://127.0.0.1:8081","*/","","","","/* istanbul instrument in package npmtest_irc */","/*jslint","    bitwise: true,","    browser: true,","    maxerr: 8,","    maxlen: 96,","    node: true,","    nomen: true,","    regexp: true,","    stupid: true","*/","(function () {","    'use strict';","    var local;","","","","    // run shared js-env code - init-before","    (function () {","        // init local","        local = {};","        // init modeJs","        local.modeJs = (function () {","            try {","                return typeof navigator.userAgent === 'string' &&","                    typeof document.querySelector('body') === 'object' &&","                    typeof XMLHttpRequest.prototype.open === 'function' &&","                    'browser';","            } catch (errorCaughtBrowser) {","                return module.exports &&","                    typeof process.versions.node === 'string' &&","                    typeof require('http').createServer === 'function' &&","                    'node';","            }","        }());","        // init global","        local.global = local.modeJs === 'browser'","            ? window","            : global;","        // init utility2_rollup","        local = local.global.utility2_rollup || (local.modeJs === 'browser'","            ? local.global.utility2_npmtest_irc","            : global.utility2_moduleExports);","        // export local","        local.global.local = local;","    }());","    switch (local.modeJs) {","","","","    // init-after","    // run browser js-env code - init-after","    /* istanbul ignore next */","    case 'browser':","        local.testRunBrowser = function (event) {","            if (!event || (event &&","                    event.currentTarget &&","                    event.currentTarget.className &&","                    event.currentTarget.className.includes &&","                    event.currentTarget.className.includes('onreset'))) {","                // reset output","                Array.from(","                    document.querySelectorAll('body > .resettable')","                ).forEach(function (element) {","                    switch (element.tagName) {","                    case 'INPUT':","                    case 'TEXTAREA':","                        element.value = '';","                        break;","                    default:","                        element.textContent = '';","                    }","                });","            }","            switch (event && event.currentTarget && event.currentTarget.id) {","            case 'testRunButton1':","                // show tests","                if (document.querySelector('#testReportDiv1').style.display === 'none') {","                    document.querySelector('#testReportDiv1').style.display = 'block';","                    document.querySelector('#testRunButton1').textContent =","                        'hide internal test';","                    local.modeTest = true;","                    local.testRunDefault(local);","                // hide tests","                } else {","                    document.querySelector('#testReportDiv1').style.display = 'none';","                    document.querySelector('#testRunButton1').textContent = 'run internal test';","                }","                break;","            // custom-case","            default:","                break;","            }","            if (document.querySelector('#inputTextareaEval1') && (!event || (event &&","                    event.currentTarget &&","                    event.currentTarget.className &&","                    event.currentTarget.className.includes &&","                    event.currentTarget.className.includes('oneval')))) {","                // try to eval input-code","                try {","                    /*jslint evil: true*/","                    eval(document.querySelector('#inputTextareaEval1').value);","                } catch (errorCaught) {","                    console.error(errorCaught);","                }","            }","        };","        // log stderr and stdout to #outputTextareaStdout1","        ['error', 'log'].forEach(function (key) {","            console[key + '_original'] = console[key];","            console[key] = function () {","                var element;","                console[key + '_original'].apply(console, arguments);","                element = document.querySelector('#outputTextareaStdout1');","                if (!element) {","                    return;","                }","                // append text to #outputTextareaStdout1","                element.value += Array.from(arguments).map(function (arg) {","                    return typeof arg === 'string'","                        ? arg","                        : JSON.stringify(arg, null, 4);","                }).join(' ') + '\\n';","                // scroll textarea to bottom","                element.scrollTop = element.scrollHeight;","            };","        });","        // init event-handling","        ['change', 'click', 'keyup'].forEach(function (event) {","            Array.from(document.querySelectorAll('.on' + event)).forEach(function (element) {","                element.addEventListener(event, local.testRunBrowser);","            });","        });","        // run tests","        local.testRunBrowser();","        break;","","","","    // run node js-env code - init-after","    /* istanbul ignore next */","    case 'node':","        // export local","        module.exports = local;","        // require modules","        local.fs = require('fs');","        local.http = require('http');","        local.url = require('url');","        // init assets","        local.assetsDict = local.assetsDict || {};","        /* jslint-ignore-begin */","        local.assetsDict['/assets.index.template.html'] = '\\","<!doctype html>\\n\\","<html lang=\"en\">\\n\\","<head>\\n\\","<meta charset=\"UTF-8\">\\n\\","<meta name=\"viewport\" content=\"width=device-width, initial-scale=1\">\\n\\","<title>{{env.npm_package_name}} (v{{env.npm_package_version}})</title>\\n\\","<style>\\n\\","/*csslint\\n\\","    box-sizing: false,\\n\\","    universal-selector: false\\n\\","*/\\n\\","* {\\n\\","    box-sizing: border-box;\\n\\","}\\n\\","body {\\n\\","    background: #dde;\\n\\","    font-family: Arial, Helvetica, sans-serif;\\n\\","    margin: 2rem;\\n\\","}\\n\\","body > * {\\n\\","    margin-bottom: 1rem;\\n\\","}\\n\\",".utility2FooterDiv {\\n\\","    margin-top: 20px;\\n\\","    text-align: center;\\n\\","}\\n\\","</style>\\n\\","<style>\\n\\","/*csslint\\n\\","*/\\n\\","textarea {\\n\\","    font-family: monospace;\\n\\","    height: 10rem;\\n\\","    width: 100%;\\n\\","}\\n\\","textarea[readonly] {\\n\\","    background: #ddd;\\n\\","}\\n\\","</style>\\n\\","</head>\\n\\","<body>\\n\\","<!-- utility2-comment\\n\\","<div id=\"ajaxProgressDiv1\" style=\"background: #d00; height: 2px; left: 0; margin: 0; padding: 0; position: fixed; top: 0; transition: background 0.5s, width 1.5s; width: 25%;\"></div>\\n\\","utility2-comment -->\\n\\","<h1>\\n\\","<!-- utility2-comment\\n\\","    <a\\n\\","        {{#if env.npm_package_homepage}}\\n\\","        href=\"{{env.npm_package_homepage}}\"\\n\\","        {{/if env.npm_package_homepage}}\\n\\","        target=\"_blank\"\\n\\","    >\\n\\","utility2-comment -->\\n\\","        {{env.npm_package_name}} (v{{env.npm_package_version}})\\n\\","<!-- utility2-comment\\n\\","    </a>\\n\\","utility2-comment -->\\n\\","</h1>\\n\\","<h3>{{env.npm_package_description}}</h3>\\n\\","<!-- utility2-comment\\n\\","<h4><a download href=\"assets.app.js\">download standalone app</a></h4>\\n\\","<button class=\"onclick onreset\" id=\"testRunButton1\">run internal test</button><br>\\n\\","<div id=\"testReportDiv1\" style=\"display: none;\"></div>\\n\\","utility2-comment -->\\n\\","\\n\\","\\n\\","\\n\\","<label>stderr and stdout</label>\\n\\","<textarea class=\"resettable\" id=\"outputTextareaStdout1\" readonly></textarea>\\n\\","<!-- utility2-comment\\n\\","{{#if isRollup}}\\n\\","<script src=\"assets.app.js\"></script>\\n\\","{{#unless isRollup}}\\n\\","utility2-comment -->\\n\\","<script src=\"assets.utility2.rollup.js\"></script>\\n\\","<script src=\"jsonp.utility2._stateInit?callback=window.utility2._stateInit\"></script>\\n\\","<script src=\"assets.npmtest_irc.rollup.js\"></script>\\n\\","<script src=\"assets.example.js\"></script>\\n\\","<script src=\"assets.test.js\"></script>\\n\\","<!-- utility2-comment\\n\\","{{/if isRollup}}\\n\\","utility2-comment -->\\n\\","<div class=\"utility2FooterDiv\">\\n\\","    [ this app was created with\\n\\","    <a href=\"https://github.com/kaizhu256/node-utility2\" target=\"_blank\">utility2</a>\\n\\","    ]\\n\\","</div>\\n\\","</body>\\n\\","</html>\\n\\","';","        /* jslint-ignore-end */","        if (local.templateRender) {","            local.assetsDict['/'] = local.templateRender(","                local.assetsDict['/assets.index.template.html'],","                {","                    env: local.objectSetDefault(local.env, {","                        npm_package_description: 'the greatest app in the world!',","                        npm_package_name: 'my-app',","                        npm_package_nameAlias: 'my_app',","                        npm_package_version: '0.0.1'","                    })","                }","            );","        } else {","            local.assetsDict['/'] = local.assetsDict['/assets.index.template.html']","                .replace((/\\{\\{env\\.(\\w+?)\\}\\}/g), function (match0, match1) {","                    // jslint-hack","                    String(match0);","                    switch (match1) {","                    case 'npm_package_description':","                        return 'the greatest app in the world!';","                    case 'npm_package_name':","                        return 'my-app';","                    case 'npm_package_nameAlias':","                        return 'my_app';","                    case 'npm_package_version':","                        return '0.0.1';","                    }","                });","        }","        // run the cli","        if (local.global.utility2_rollup || module !== require.main) {","            break;","        }","        local.assetsDict['/assets.example.js'] =","            local.assetsDict['/assets.example.js'] ||","            local.fs.readFileSync(__filename, 'utf8');","        // bug-workaround - long $npm_package_buildCustomOrg","        /* jslint-ignore-begin */","        local.assetsDict['/assets.npmtest_irc.rollup.js'] =","            local.assetsDict['/assets.npmtest_irc.rollup.js'] ||","            local.fs.readFileSync(","                local.npmtest_irc.__dirname + '/lib.npmtest_irc.js',","                'utf8'","            ).replace((/^#!/), '//');","        /* jslint-ignore-end */","        local.assetsDict['/favicon.ico'] = local.assetsDict['/favicon.ico'] || '';","        // if $npm_config_timeout_exit exists,","        // then exit this process after $npm_config_timeout_exit ms","        if (Number(process.env.npm_config_timeout_exit)) {","            setTimeout(process.exit, Number(process.env.npm_config_timeout_exit));","        }","        // start server","        if (local.global.utility2_serverHttp1) {","            break;","        }","        process.env.PORT = process.env.PORT || '8081';","        console.error('server starting on port ' + process.env.PORT);","        local.http.createServer(function (request, response) {","            request.urlParsed = local.url.parse(request.url);","            if (local.assetsDict[request.urlParsed.pathname] !== undefined) {","                response.end(local.assetsDict[request.urlParsed.pathname]);","                return;","            }","            response.statusCode = 404;","            response.end();","        }).listen(process.env.PORT);","        break;","    }","}());",""],"l":{"26":2,"28":2,"33":2,"35":2,"37":2,"38":2,"39":2,"44":1,"51":2,"55":2,"59":2,"61":2,"69":1,"70":2,"76":2,"79":2,"82":2,"83":2,"85":1,"89":2,"92":1,"93":1,"94":1,"96":1,"97":1,"100":1,"101":1,"103":1,"106":1,"108":2,"114":1,"116":1,"118":1,"123":1,"124":2,"125":2,"126":3,"127":3,"128":3,"129":3,"130":1,"133":3,"134":3,"139":3,"143":1,"144":3,"145":1,"149":1,"150":1,"158":1,"160":1,"161":1,"162":1,"164":1,"166":1,"258":1,"259":1,"271":1,"274":6,"275":6,"277":1,"279":2,"281":1,"283":2,"288":1,"289":1,"291":1,"296":1,"303":1,"306":1,"307":1,"310":1,"311":1,"313":1,"314":1,"315":1,"316":1,"317":1,"318":1,"319":1,"321":1,"322":1,"324":1}},"/home/travis/build/npmtest/node-npmtest-irc/node_modules/irc/lib/irc.js":{"path":"/home/travis/build/npmtest/node-npmtest-irc/node_modules/irc/lib/irc.js","s":{"1":1,"2":1,"3":1,"4":1,"5":1,"6":1,"7":1,"8":1,"9":1,"10":1,"11":1,"12":0,"13":0,"14":0,"15":0,"16":0,"17":0,"18":0,"19":0,"20":0,"21":0,"22":0,"23":0,"24":0,"25":0,"26":0,"27":0,"28":0,"29":0,"30":0,"31":0,"32":0,"33":0,"34":0,"35":0,"36":0,"37":0,"38":0,"39":0,"40":0,"41":0,"42":0,"43":0,"44":0,"45":0,"46":0,"47":0,"48":0,"49":0,"50":0,"51":0,"52":0,"53":0,"54":0,"55":0,"56":0,"57":0,"58":0,"59":0,"60":0,"61":0,"62":0,"63":0,"64":0,"65":0,"66":0,"67":0,"68":0,"69":0,"70":0,"71":0,"72":0,"73":0,"74":0,"75":0,"76":0,"77":0,"78":0,"79":0,"80":0,"81":0,"82":0,"83":0,"84":0,"85":0,"86":0,"87":0,"88":0,"89":0,"90":0,"91":0,"92":0,"93":0,"94":0,"95":0,"96":0,"97":0,"98":0,"99":0,"100":0,"101":0,"102":0,"103":0,"104":0,"105":0,"106":0,"107":0,"108":0,"109":0,"110":0,"111":0,"112":0,"113":0,"114":0,"115":0,"116":0,"117":0,"118":0,"119":0,"120":0,"121":0,"122":0,"123":0,"124":0,"125":0,"126":0,"127":0,"128":0,"129":0,"130":0,"131":0,"132":0,"133":0,"134":0,"135":0,"136":0,"137":0,"138":0,"139":0,"140":0,"141":0,"142":0,"143":0,"144":0,"145":0,"146":0,"147":0,"148":0,"149":0,"150":0,"151":0,"152":0,"153":0,"154":0,"155":0,"156":0,"157":0,"158":0,"159":0,"160":0,"161":0,"162":0,"163":0,"164":0,"165":0,"166":0,"167":0,"168":0,"169":0,"170":0,"171":0,"172":0,"173":0,"174":0,"175":0,"176":0,"177":0,"178":0,"179":0,"180":0,"181":0,"182":0,"183":0,"184":0,"185":0,"186":0,"187":0,"188":0,"189":0,"190":0,"191":0,"192":0,"193":0,"194":0,"195":0,"196":0,"197":0,"198":0,"199":0,"200":0,"201":0,"202":0,"203":0,"204":0,"205":0,"206":0,"207":0,"208":0,"209":0,"210":0,"211":0,"212":0,"213":0,"214":0,"215":0,"216":0,"217":0,"218":0,"219":0,"220":0,"221":0,"222":0,"223":0,"224":0,"225":0,"226":0,"227":0,"228":0,"229":0,"230":0,"231":0,"232":0,"233":0,"234":0,"235":0,"236":0,"237":0,"238":0,"239":0,"240":0,"241":0,"242":0,"243":0,"244":0,"245":0,"246":0,"247":0,"248":0,"249":0,"250":0,"251":0,"252":0,"253":0,"254":0,"255":0,"256":0,"257":0,"258":0,"259":0,"260":0,"261":0,"262":0,"263":0,"264":0,"265":0,"266":0,"267":0,"268":0,"269":0,"270":0,"271":0,"272":0,"273":0,"274":0,"275":0,"276":0,"277":0,"278":0,"279":0,"280":0,"281":0,"282":0,"283":0,"284":0,"285":0,"286":0,"287":0,"288":0,"289":0,"290":0,"291":0,"292":0,"293":0,"294":0,"295":0,"296":0,"297":0,"298":0,"299":0,"300":0,"301":0,"302":0,"303":0,"304":0,"305":0,"306":0,"307":0,"308":0,"309":0,"310":0,"311":0,"312":0,"313":0,"314":0,"315":0,"316":0,"317":0,"318":0,"319":0,"320":0,"321":0,"322":0,"323":0,"324":0,"325":0,"326":0,"327":0,"328":0,"329":0,"330":0,"331":0,"332":0,"333":0,"334":0,"335":0,"336":0,"337":0,"338":0,"339":0,"340":0,"341":0,"342":0,"343":0,"344":0,"345":0,"346":0,"347":0,"348":0,"349":0,"350":0,"351":0,"352":0,"353":0,"354":0,"355":0,"356":0,"357":0,"358":0,"359":0,"360":0,"361":0,"362":0,"363":0,"364":0,"365":0,"366":0,"367":0,"368":0,"369":0,"370":0,"371":0,"372":0,"373":0,"374":0,"375":0,"376":0,"377":0,"378":0,"379":1,"380":1,"381":1,"382":1,"383":1,"384":1,"385":1,"386":0,"387":0,"388":0,"389":0,"390":1,"391":1,"392":1,"393":0,"394":0,"395":0,"396":0,"397":1,"398":0,"399":0,"400":0,"401":0,"402":1,"403":0,"404":0,"405":0,"406":0,"407":0,"408":0,"409":0,"410":0,"411":0,"412":0,"413":0,"414":0,"415":0,"416":0,"417":1,"418":0,"419":0,"420":0,"421":0,"422":0,"423":0,"424":0,"425":0,"426":0,"427":0,"428":0,"429":0,"430":0,"431":0,"432":0,"433":0,"434":0,"435":0,"436":0,"437":0,"438":0,"439":0,"440":0,"441":0,"442":0,"443":0,"444":0,"445":0,"446":0,"447":0,"448":0,"449":0,"450":0,"451":0,"452":0,"453":0,"454":0,"455":1,"456":0,"457":0,"458":0,"459":0,"460":0,"461":0,"462":0,"463":0,"464":0,"465":0,"466":0,"467":0,"468":0,"469":0,"470":0,"471":0,"472":0,"473":0,"474":0,"475":0,"476":0,"477":0,"478":0,"479":0,"480":0,"481":0,"482":0,"483":0,"484":0,"485":0,"486":0,"487":0,"488":0,"489":0,"490":0,"491":0,"492":0,"493":0,"494":0,"495":1,"496":0,"497":0,"498":0,"499":0,"500":1,"501":0,"502":0,"503":0,"504":0,"505":0,"506":0,"507":0,"508":0,"509":0,"510":0,"511":0,"512":0,"513":0,"514":0,"515":0,"516":0,"517":1,"518":0,"519":0,"520":0,"521":0,"522":0,"523":0,"524":0,"525":1,"526":0,"527":0,"528":0,"529":0,"530":0,"531":0,"532":0,"533":0,"534":0,"535":0,"536":0,"537":0,"538":0,"539":1,"540":0,"541":0,"542":0,"543":0,"544":0,"545":0,"546":0,"547":1,"548":0,"549":0,"550":0,"551":0,"552":0,"553":0,"554":0,"555":0,"556":0,"557":0,"558":1,"559":0,"560":0,"561":0,"562":0,"563":0,"564":1,"565":0,"566":0,"567":0,"568":0,"569":0,"570":0,"571":0,"572":0,"573":0,"574":0,"575":0,"576":0,"577":0,"578":0,"579":0,"580":0,"581":0,"582":0,"583":0,"584":0,"585":0,"586":0,"587":0,"588":0,"589":1,"590":0,"591":1,"592":0,"593":1,"594":0,"595":0,"596":0,"597":0,"598":0,"599":0,"600":0,"601":0,"602":0,"603":0,"604":1,"605":0,"606":0,"607":0,"608":0,"609":0,"610":0,"611":0,"612":1,"613":0,"614":0,"615":0,"616":1,"617":0,"618":0,"619":0,"620":0,"621":1,"622":0,"623":0,"624":0,"625":0,"626":1,"627":0,"628":0,"629":0,"630":0,"631":0,"632":0,"633":0,"634":0,"635":0,"636":0,"637":0,"638":1,"639":0,"640":1,"641":0,"642":0,"643":0,"644":0,"645":0,"646":0,"647":0,"648":0,"649":0,"650":0,"651":0,"652":0,"653":1,"654":0},"b":{"1":[0,0],"2":[0,0],"3":[0,0],"4":[0,0],"5":[0,0,0,0,0,0,0,0,0,0,0,0,0,0,0,0,0,0,0,0,0,0,0,0,0,0,0,0,0,0,0,0,0,0,0,0,0,0,0,0,0,0,0,0,0,0,0,0,0,0,0,0,0,0,0,0,0,0,0],"6":[0,0],"7":[0,0,0,0,0,0,0,0,0,0,0,0],"8":[0,0],"9":[0,0],"10":[0,0],"11":[0,0],"12":[0,0],"13":[0,0],"14":[0,0],"15":[0,0],"16":[0,0],"17":[0,0],"18":[0,0],"19":[0,0],"20":[0,0],"21":[0,0],"22":[0,0],"23":[0,0],"24":[0,0],"25":[0,0],"26":[0,0],"27":[0,0],"28":[0,0],"29":[0,0],"30":[0,0],"31":[0,0],"32":[0,0],"33":[0,0],"34":[0,0],"35":[0,0],"36":[0,0],"37":[0,0],"38":[0,0],"39":[0,0],"40":[0,0],"41":[0,0],"42":[0,0],"43":[0,0],"44":[0,0],"45":[0,0],"46":[0,0],"47":[0,0],"48":[0,0],"49":[0,0],"50":[0,0],"51":[0,0],"52":[0,0],"53":[0,0],"54":[0,0],"55":[0,0],"56":[0,0],"57":[0,0],"58":[0,0],"59":[0,0],"60":[0,0],"61":[0,0],"62":[0,0],"63":[0,0],"64":[0,0],"65":[0,0],"66":[0,0],"67":[0,0],"68":[0,0],"69":[0,0],"70":[0,0],"71":[0,0],"72":[0,0],"73":[0,0],"74":[0,0],"75":[0,0,0],"76":[0,0],"77":[0,0],"78":[0,0],"79":[0,0],"80":[0,0],"81":[0,0],"82":[0,0],"83":[0,0],"84":[0,0],"85":[0,0],"86":[0,0],"87":[0,0],"88":[0,0],"89":[0,0],"90":[0,0,0],"91":[0,0],"92":[0,0],"93":[0,0],"94":[0,0],"95":[0,0],"96":[0,0],"97":[0,0],"98":[0,0],"99":[0,0],"100":[0,0],"101":[0,0,0,0,0,0,0],"102":[0,0],"103":[0,0],"104":[0,0],"105":[0,0],"106":[0,0],"107":[0,0],"108":[0,0],"109":[0,0],"110":[0,0],"111":[0,0],"112":[0,0],"113":[0,0],"114":[0,0],"115":[0,0],"116":[0,0],"117":[0,0],"118":[0,0],"119":[0,0],"120":[0,0],"121":[0,0],"122":[0,0],"123":[0,0],"124":[0,0],"125":[0,0],"126":[0,0],"127":[0,0,0],"128":[0,0],"129":[0,0],"130":[0,0],"131":[0,0],"132":[0,0],"133":[0,0],"134":[0,0],"135":[0,0],"136":[0,0],"137":[0,0],"138":[0,0],"139":[0,0],"140":[0,0],"141":[0,0],"142":[0,0],"143":[0,0],"144":[0,0],"145":[0,0],"146":[0,0],"147":[0,0],"148":[0,0],"149":[0,0],"150":[0,0],"151":[0,0],"152":[0,0],"153":[0,0],"154":[0,0],"155":[0,0],"156":[0,0],"157":[0,0,0],"158":[0,0],"159":[0,0],"160":[0,0]},"f":{"1":0,"2":0,"3":0,"4":0,"5":0,"6":0,"7":0,"8":0,"9":0,"10":0,"11":0,"12":0,"13":0,"14":0,"15":0,"16":0,"17":0,"18":0,"19":0,"20":1,"21":0,"22":0,"23":0,"24":0,"25":0,"26":0,"27":0,"28":0,"29":0,"30":0,"31":0,"32":0,"33":0,"34":0,"35":0,"36":0,"37":0,"38":0,"39":0,"40":0,"41":0,"42":0,"43":0,"44":0,"45":0,"46":0,"47":0,"48":0,"49":0,"50":0,"51":0,"52":0,"53":0,"54":0,"55":0,"56":0,"57":0,"58":0,"59":0,"60":0,"61":0,"62":0,"63":0,"64":0},"fnMap":{"1":{"name":"Client","line":33,"loc":{"start":{"line":33,"column":0},"end":{"line":33,"column":35}}},"2":{"name":"(anonymous_2)","line":110,"loc":{"start":{"line":110,"column":28},"end":{"line":110,"column":46}}},"3":{"name":"(anonymous_3)","line":134,"loc":{"start":{"line":134,"column":38},"end":{"line":134,"column":53}}},"4":{"name":"(anonymous_4)","line":144,"loc":{"start":{"line":144,"column":37},"end":{"line":144,"column":51}}},"5":{"name":"(anonymous_5)","line":152,"loc":{"start":{"line":152,"column":57},"end":{"line":152,"column":71}}},"6":{"name":"(anonymous_6)","line":171,"loc":{"start":{"line":171,"column":57},"end":{"line":171,"column":71}}},"7":{"name":"(anonymous_7)","line":180,"loc":{"start":{"line":180,"column":57},"end":{"line":180,"column":71}}},"8":{"name":"(anonymous_8)","line":203,"loc":{"start":{"line":203,"column":57},"end":{"line":203,"column":71}}},"9":{"name":"(anonymous_9)","line":270,"loc":{"start":{"line":270,"column":33},"end":{"line":270,"column":48}}},"10":{"name":"(anonymous_10)","line":283,"loc":{"start":{"line":283,"column":36},"end":{"line":283,"column":58}}},"11":{"name":"(anonymous_11)","line":300,"loc":{"start":{"line":300,"column":44},"end":{"line":300,"column":56}}},"12":{"name":"(anonymous_12)","line":349,"loc":{"start":{"line":349,"column":48},"end":{"line":349,"column":67}}},"13":{"name":"(anonymous_13)","line":374,"loc":{"start":{"line":374,"column":34},"end":{"line":374,"column":49}}},"14":{"name":"(anonymous_14)","line":542,"loc":{"start":{"line":542,"column":48},"end":{"line":542,"column":67}}},"15":{"name":"(anonymous_15)","line":588,"loc":{"start":{"line":588,"column":48},"end":{"line":588,"column":67}}},"16":{"name":"(anonymous_16)","line":655,"loc":{"start":{"line":655,"column":29},"end":{"line":655,"column":64}}},"17":{"name":"(anonymous_17)","line":659,"loc":{"start":{"line":659,"column":29},"end":{"line":659,"column":44}}},"18":{"name":"(anonymous_18)","line":660,"loc":{"start":{"line":660,"column":34},"end":{"line":660,"column":52}}},"19":{"name":"(anonymous_19)","line":675,"loc":{"start":{"line":675,"column":38},"end":{"line":675,"column":53}}},"20":{"name":"(anonymous_20)","line":685,"loc":{"start":{"line":685,"column":1},"end":{"line":685,"column":12}}},"21":{"name":"(anonymous_21)","line":687,"loc":{"start":{"line":687,"column":43},"end":{"line":687,"column":58}}},"22":{"name":"(anonymous_22)","line":698,"loc":{"start":{"line":698,"column":28},"end":{"line":698,"column":51}}},"23":{"name":"(anonymous_23)","line":713,"loc":{"start":{"line":713,"column":38},"end":{"line":713,"column":49}}},"24":{"name":"(anonymous_24)","line":735,"loc":{"start":{"line":735,"column":27},"end":{"line":735,"column":58}}},"25":{"name":"(anonymous_25)","line":768,"loc":{"start":{"line":768,"column":48},"end":{"line":768,"column":59}}},"26":{"name":"(anonymous_26)","line":807,"loc":{"start":{"line":807,"column":5},"end":{"line":807,"column":20}}},"27":{"name":"(anonymous_27)","line":808,"loc":{"start":{"line":808,"column":48},"end":{"line":808,"column":59}}},"28":{"name":"(anonymous_28)","line":811,"loc":{"start":{"line":811,"column":45},"end":{"line":811,"column":56}}},"29":{"name":"handleData","line":822,"loc":{"start":{"line":822,"column":4},"end":{"line":822,"column":31}}},"30":{"name":"iterator","line":841,"loc":{"start":{"line":841,"column":22},"end":{"line":841,"column":46}}},"31":{"name":"(anonymous_31)","line":857,"loc":{"start":{"line":857,"column":33},"end":{"line":857,"column":44}}},"32":{"name":"(anonymous_32)","line":861,"loc":{"start":{"line":861,"column":35},"end":{"line":861,"column":46}}},"33":{"name":"(anonymous_33)","line":880,"loc":{"start":{"line":880,"column":19},"end":{"line":880,"column":30}}},"34":{"name":"(anonymous_34)","line":884,"loc":{"start":{"line":884,"column":35},"end":{"line":884,"column":55}}},"35":{"name":"(anonymous_35)","line":892,"loc":{"start":{"line":892,"column":23},"end":{"line":892,"column":34}}},"36":{"name":"(anonymous_36)","line":900,"loc":{"start":{"line":900,"column":30},"end":{"line":900,"column":58}}},"37":{"name":"(anonymous_37)","line":924,"loc":{"start":{"line":924,"column":24},"end":{"line":924,"column":42}}},"38":{"name":"(anonymous_38)","line":941,"loc":{"start":{"line":941,"column":43},"end":{"line":941,"column":62}}},"39":{"name":"(anonymous_39)","line":951,"loc":{"start":{"line":951,"column":16},"end":{"line":951,"column":27}}},"40":{"name":"(anonymous_40)","line":955,"loc":{"start":{"line":955,"column":26},"end":{"line":955,"column":37}}},"41":{"name":"(anonymous_41)","line":959,"loc":{"start":{"line":959,"column":26},"end":{"line":959,"column":37}}},"42":{"name":"(anonymous_42)","line":963,"loc":{"start":{"line":963,"column":14},"end":{"line":963,"column":25}}},"43":{"name":"(anonymous_43)","line":975,"loc":{"start":{"line":975,"column":24},"end":{"line":975,"column":52}}},"44":{"name":"(anonymous_44)","line":977,"loc":{"start":{"line":977,"column":36},"end":{"line":977,"column":47}}},"45":{"name":"(anonymous_45)","line":992,"loc":{"start":{"line":992,"column":24},"end":{"line":992,"column":61}}},"46":{"name":"(anonymous_46)","line":1014,"loc":{"start":{"line":1014,"column":26},"end":{"line":1014,"column":50}}},"47":{"name":"(anonymous_47)","line":1017,"loc":{"start":{"line":1017,"column":46},"end":{"line":1017,"column":61}}},"48":{"name":"(anonymous_48)","line":1019,"loc":{"start":{"line":1019,"column":19},"end":{"line":1019,"column":34}}},"49":{"name":"(anonymous_49)","line":1025,"loc":{"start":{"line":1025,"column":35},"end":{"line":1025,"column":75}}},"50":{"name":"(anonymous_50)","line":1059,"loc":{"start":{"line":1059,"column":23},"end":{"line":1059,"column":46}}},"51":{"name":"(anonymous_51)","line":1063,"loc":{"start":{"line":1063,"column":26},"end":{"line":1063,"column":49}}},"52":{"name":"(anonymous_52)","line":1067,"loc":{"start":{"line":1067,"column":26},"end":{"line":1067,"column":55}}},"53":{"name":"(anonymous_53)","line":1071,"loc":{"start":{"line":1071,"column":46},"end":{"line":1071,"column":61}}},"54":{"name":"(anonymous_54)","line":1073,"loc":{"start":{"line":1073,"column":19},"end":{"line":1073,"column":34}}},"55":{"name":"(anonymous_55)","line":1075,"loc":{"start":{"line":1075,"column":32},"end":{"line":1075,"column":49}}},"56":{"name":"(anonymous_56)","line":1085,"loc":{"start":{"line":1085,"column":25},"end":{"line":1085,"column":50}}},"57":{"name":"(anonymous_57)","line":1087,"loc":{"start":{"line":1087,"column":30},"end":{"line":1087,"column":45}}},"58":{"name":"(anonymous_58)","line":1098,"loc":{"start":{"line":1098,"column":24},"end":{"line":1098,"column":35}}},"59":{"name":"(anonymous_59)","line":1104,"loc":{"start":{"line":1104,"column":33},"end":{"line":1104,"column":74}}},"60":{"name":"(anonymous_60)","line":1110,"loc":{"start":{"line":1110,"column":35},"end":{"line":1110,"column":50}}},"61":{"name":"(anonymous_61)","line":1118,"loc":{"start":{"line":1118,"column":31},"end":{"line":1118,"column":71}}},"62":{"name":"(anonymous_62)","line":1132,"loc":{"start":{"line":1132,"column":24},"end":{"line":1132,"column":49}}},"63":{"name":"(anonymous_63)","line":1136,"loc":{"start":{"line":1136,"column":35},"end":{"line":1136,"column":49}}},"64":{"name":"(anonymous_64)","line":1158,"loc":{"start":{"line":1158,"column":40},"end":{"line":1158,"column":51}}}},"statementMap":{"1":{"start":{"line":20,"column":0},"end":{"line":20,"column":24}},"2":{"start":{"line":21,"column":0},"end":{"line":21,"column":26}},"3":{"start":{"line":22,"column":0},"end":{"line":22,"column":26}},"4":{"start":{"line":23,"column":0},"end":{"line":23,"column":27}},"5":{"start":{"line":24,"column":0},"end":{"line":24,"column":50}},"6":{"start":{"line":26,"column":0},"end":{"line":26,"column":33}},"7":{"start":{"line":27,"column":0},"end":{"line":27,"column":46}},"8":{"start":{"line":28,"column":0},"end":{"line":28,"column":24}},"9":{"start":{"line":29,"column":0},"end":{"line":29,"column":58}},"10":{"start":{"line":31,"column":0},"end":{"line":31,"column":44}},"11":{"start":{"line":33,"column":0},"end":{"line":666,"column":1}},"12":{"start":{"line":34,"column":4},"end":{"line":34,"column":20}},"13":{"start":{"line":35,"column":4},"end":{"line":67,"column":6}},"14":{"start":{"line":72,"column":4},"end":{"line":87,"column":6}},"15":{"start":{"line":89,"column":4},"end":{"line":96,"column":5}},"16":{"start":{"line":90,"column":8},"end":{"line":90,"column":41}},"17":{"start":{"line":91,"column":8},"end":{"line":95,"column":9}},"18":{"start":{"line":92,"column":12},"end":{"line":92,"column":28}},"19":{"start":{"line":93,"column":12},"end":{"line":94,"column":46}},"20":{"start":{"line":94,"column":16},"end":{"line":94,"column":46}},"21":{"start":{"line":98,"column":4},"end":{"line":100,"column":5}},"22":{"start":{"line":99,"column":8},"end":{"line":99,"column":39}},"23":{"start":{"line":102,"column":4},"end":{"line":102,"column":23}},"24":{"start":{"line":106,"column":4},"end":{"line":108,"column":5}},"25":{"start":{"line":107,"column":8},"end":{"line":107,"column":23}},"26":{"start":{"line":110,"column":4},"end":{"line":653,"column":7}},"27":{"start":{"line":111,"column":8},"end":{"line":116,"column":15}},"28":{"start":{"line":118,"column":8},"end":{"line":652,"column":9}},"29":{"start":{"line":123,"column":16},"end":{"line":123,"column":44}},"30":{"start":{"line":130,"column":16},"end":{"line":130,"column":70}},"31":{"start":{"line":131,"column":16},"end":{"line":131,"column":82}},"32":{"start":{"line":132,"column":16},"end":{"line":132,"column":44}},"33":{"start":{"line":133,"column":16},"end":{"line":133,"column":49}},"34":{"start":{"line":134,"column":16},"end":{"line":138,"column":19}},"35":{"start":{"line":135,"column":20},"end":{"line":135,"column":42}},"36":{"start":{"line":136,"column":20},"end":{"line":136,"column":64}},"37":{"start":{"line":137,"column":20},"end":{"line":137,"column":48}},"38":{"start":{"line":139,"column":16},"end":{"line":139,"column":22}},"39":{"start":{"line":141,"column":16},"end":{"line":141,"column":59}},"40":{"start":{"line":142,"column":16},"end":{"line":142,"column":22}},"41":{"start":{"line":144,"column":16},"end":{"line":214,"column":19}},"42":{"start":{"line":145,"column":20},"end":{"line":145,"column":30}},"43":{"start":{"line":146,"column":20},"end":{"line":146,"column":55}},"44":{"start":{"line":147,"column":20},"end":{"line":213,"column":21}},"45":{"start":{"line":148,"column":24},"end":{"line":148,"column":45}},"46":{"start":{"line":149,"column":24},"end":{"line":149,"column":45}},"47":{"start":{"line":150,"column":24},"end":{"line":212,"column":25}},"48":{"start":{"line":152,"column":32},"end":{"line":155,"column":35}},"49":{"start":{"line":153,"column":36},"end":{"line":153,"column":57}},"50":{"start":{"line":154,"column":36},"end":{"line":154,"column":92}},"51":{"start":{"line":156,"column":32},"end":{"line":156,"column":38}},"52":{"start":{"line":158,"column":32},"end":{"line":158,"column":57}},"53":{"start":{"line":159,"column":32},"end":{"line":159,"column":64}},"54":{"start":{"line":160,"column":32},"end":{"line":162,"column":33}},"55":{"start":{"line":161,"column":36},"end":{"line":161,"column":86}},"56":{"start":{"line":163,"column":32},"end":{"line":163,"column":38}},"57":{"start":{"line":165,"column":32},"end":{"line":165,"column":69}},"58":{"start":{"line":166,"column":32},"end":{"line":166,"column":38}},"59":{"start":{"line":168,"column":32},"end":{"line":168,"column":80}},"60":{"start":{"line":169,"column":32},"end":{"line":169,"column":38}},"61":{"start":{"line":171,"column":32},"end":{"line":174,"column":35}},"62":{"start":{"line":172,"column":36},"end":{"line":172,"column":57}},"63":{"start":{"line":173,"column":36},"end":{"line":173,"column":85}},"64":{"start":{"line":175,"column":32},"end":{"line":175,"column":38}},"65":{"start":{"line":177,"column":32},"end":{"line":177,"column":66}},"66":{"start":{"line":178,"column":32},"end":{"line":178,"column":38}},"67":{"start":{"line":180,"column":32},"end":{"line":183,"column":35}},"68":{"start":{"line":181,"column":36},"end":{"line":181,"column":57}},"69":{"start":{"line":182,"column":36},"end":{"line":182,"column":86}},"70":{"start":{"line":184,"column":32},"end":{"line":184,"column":38}},"71":{"start":{"line":186,"column":32},"end":{"line":186,"column":76}},"72":{"start":{"line":187,"column":32},"end":{"line":187,"column":38}},"73":{"start":{"line":189,"column":32},"end":{"line":189,"column":69}},"74":{"start":{"line":190,"column":32},"end":{"line":198,"column":33}},"75":{"start":{"line":191,"column":36},"end":{"line":191,"column":66}},"76":{"start":{"line":192,"column":36},"end":{"line":192,"column":66}},"77":{"start":{"line":193,"column":36},"end":{"line":197,"column":37}},"78":{"start":{"line":194,"column":40},"end":{"line":194,"column":86}},"79":{"start":{"line":195,"column":40},"end":{"line":195,"column":86}},"80":{"start":{"line":196,"column":40},"end":{"line":196,"column":96}},"81":{"start":{"line":199,"column":32},"end":{"line":199,"column":38}},"82":{"start":{"line":201,"column":32},"end":{"line":201,"column":38}},"83":{"start":{"line":203,"column":32},"end":{"line":207,"column":35}},"84":{"start":{"line":204,"column":36},"end":{"line":204,"column":57}},"85":{"start":{"line":205,"column":36},"end":{"line":205,"column":78}},"86":{"start":{"line":206,"column":36},"end":{"line":206,"column":79}},"87":{"start":{"line":208,"column":32},"end":{"line":208,"column":38}},"88":{"start":{"line":210,"column":32},"end":{"line":210,"column":77}},"89":{"start":{"line":211,"column":32},"end":{"line":211,"column":38}},"90":{"start":{"line":215,"column":16},"end":{"line":215,"column":22}},"91":{"start":{"line":229,"column":16},"end":{"line":229,"column":22}},"92":{"start":{"line":231,"column":16},"end":{"line":232,"column":41}},"93":{"start":{"line":232,"column":20},"end":{"line":232,"column":41}},"94":{"start":{"line":233,"column":16},"end":{"line":233,"column":35}},"95":{"start":{"line":234,"column":16},"end":{"line":234,"column":68}},"96":{"start":{"line":235,"column":16},"end":{"line":235,"column":61}},"97":{"start":{"line":236,"column":16},"end":{"line":236,"column":44}},"98":{"start":{"line":237,"column":16},"end":{"line":237,"column":22}},"99":{"start":{"line":239,"column":16},"end":{"line":239,"column":51}},"100":{"start":{"line":240,"column":16},"end":{"line":240,"column":51}},"101":{"start":{"line":241,"column":16},"end":{"line":241,"column":22}},"102":{"start":{"line":243,"column":16},"end":{"line":243,"column":51}},"103":{"start":{"line":244,"column":16},"end":{"line":244,"column":22}},"104":{"start":{"line":246,"column":16},"end":{"line":246,"column":36}},"105":{"start":{"line":247,"column":16},"end":{"line":247,"column":37}},"106":{"start":{"line":248,"column":16},"end":{"line":250,"column":17}},"107":{"start":{"line":249,"column":20},"end":{"line":249,"column":30}},"108":{"start":{"line":251,"column":16},"end":{"line":251,"column":45}},"109":{"start":{"line":252,"column":16},"end":{"line":255,"column":17}},"110":{"start":{"line":253,"column":20},"end":{"line":253,"column":72}},"111":{"start":{"line":254,"column":20},"end":{"line":254,"column":26}},"112":{"start":{"line":256,"column":16},"end":{"line":256,"column":61}},"113":{"start":{"line":258,"column":16},"end":{"line":259,"column":113}},"114":{"start":{"line":259,"column":20},"end":{"line":259,"column":113}},"115":{"start":{"line":260,"column":16},"end":{"line":260,"column":22}},"116":{"start":{"line":262,"column":16},"end":{"line":263,"column":92}},"117":{"start":{"line":263,"column":20},"end":{"line":263,"column":92}},"118":{"start":{"line":265,"column":16},"end":{"line":265,"column":57}},"119":{"start":{"line":266,"column":16},"end":{"line":266,"column":36}},"120":{"start":{"line":266,"column":30},"end":{"line":266,"column":36}},"121":{"start":{"line":267,"column":16},"end":{"line":267,"column":57}},"122":{"start":{"line":268,"column":16},"end":{"line":268,"column":34}},"123":{"start":{"line":269,"column":16},"end":{"line":269,"column":53}},"124":{"start":{"line":270,"column":16},"end":{"line":334,"column":19}},"125":{"start":{"line":271,"column":20},"end":{"line":274,"column":21}},"126":{"start":{"line":272,"column":24},"end":{"line":272,"column":38}},"127":{"start":{"line":273,"column":24},"end":{"line":273,"column":31}},"128":{"start":{"line":275,"column":20},"end":{"line":278,"column":21}},"129":{"start":{"line":276,"column":24},"end":{"line":276,"column":39}},"130":{"start":{"line":277,"column":24},"end":{"line":277,"column":31}},"131":{"start":{"line":280,"column":20},"end":{"line":280,"column":66}},"132":{"start":{"line":281,"column":20},"end":{"line":281,"column":65}},"133":{"start":{"line":282,"column":20},"end":{"line":282,"column":32}},"134":{"start":{"line":283,"column":20},"end":{"line":307,"column":22}},"135":{"start":{"line":284,"column":24},"end":{"line":284,"column":64}},"136":{"start":{"line":285,"column":24},"end":{"line":306,"column":25}},"137":{"start":{"line":286,"column":28},"end":{"line":288,"column":29}},"138":{"start":{"line":287,"column":32},"end":{"line":287,"column":53}},"139":{"start":{"line":289,"column":28},"end":{"line":296,"column":29}},"140":{"start":{"line":290,"column":32},"end":{"line":290,"column":62}},"141":{"start":{"line":291,"column":35},"end":{"line":296,"column":29}},"142":{"start":{"line":292,"column":32},"end":{"line":293,"column":83}},"143":{"start":{"line":295,"column":32},"end":{"line":295,"column":67}},"144":{"start":{"line":298,"column":28},"end":{"line":301,"column":29}},"145":{"start":{"line":299,"column":32},"end":{"line":300,"column":84}},"146":{"start":{"line":300,"column":58},"end":{"line":300,"column":80}},"147":{"start":{"line":302,"column":28},"end":{"line":305,"column":29}},"148":{"start":{"line":303,"column":32},"end":{"line":303,"column":78}},"149":{"start":{"line":304,"column":32},"end":{"line":304,"column":64}},"150":{"start":{"line":308,"column":20},"end":{"line":333,"column":21}},"151":{"start":{"line":309,"column":24},"end":{"line":309,"column":51}},"152":{"start":{"line":310,"column":24},"end":{"line":315,"column":25}},"153":{"start":{"line":311,"column":28},"end":{"line":314,"column":121}},"154":{"start":{"line":312,"column":32},"end":{"line":313,"column":87}},"155":{"start":{"line":313,"column":36},"end":{"line":313,"column":87}},"156":{"start":{"line":314,"column":35},"end":{"line":314,"column":121}},"157":{"start":{"line":316,"column":24},"end":{"line":316,"column":100}},"158":{"start":{"line":317,"column":27},"end":{"line":333,"column":21}},"159":{"start":{"line":318,"column":24},"end":{"line":318,"column":51}},"160":{"start":{"line":319,"column":24},"end":{"line":319,"column":51}},"161":{"start":{"line":320,"column":24},"end":{"line":320,"column":100}},"162":{"start":{"line":321,"column":27},"end":{"line":333,"column":21}},"163":{"start":{"line":322,"column":24},"end":{"line":322,"column":51}},"164":{"start":{"line":323,"column":24},"end":{"line":323,"column":49}},"165":{"start":{"line":324,"column":24},"end":{"line":324,"column":100}},"166":{"start":{"line":325,"column":27},"end":{"line":333,"column":21}},"167":{"start":{"line":326,"column":24},"end":{"line":327,"column":49}},"168":{"start":{"line":326,"column":36},"end":{"line":326,"column":63}},"169":{"start":{"line":327,"column":29},"end":{"line":327,"column":49}},"170":{"start":{"line":328,"column":24},"end":{"line":328,"column":49}},"171":{"start":{"line":329,"column":24},"end":{"line":329,"column":100}},"172":{"start":{"line":330,"column":27},"end":{"line":333,"column":21}},"173":{"start":{"line":331,"column":24},"end":{"line":331,"column":40}},"174":{"start":{"line":332,"column":24},"end":{"line":332,"column":102}},"175":{"start":{"line":335,"column":16},"end":{"line":335,"column":22}},"176":{"start":{"line":337,"column":16},"end":{"line":341,"column":17}},"177":{"start":{"line":339,"column":20},"end":{"line":339,"column":48}},"178":{"start":{"line":340,"column":20},"end":{"line":340,"column":48}},"179":{"start":{"line":343,"column":16},"end":{"line":344,"column":94}},"180":{"start":{"line":344,"column":20},"end":{"line":344,"column":94}},"181":{"start":{"line":346,"column":16},"end":{"line":346,"column":30}},"182":{"start":{"line":349,"column":16},"end":{"line":354,"column":19}},"183":{"start":{"line":350,"column":20},"end":{"line":350,"column":55}},"184":{"start":{"line":351,"column":20},"end":{"line":351,"column":81}},"185":{"start":{"line":352,"column":20},"end":{"line":352,"column":55}},"186":{"start":{"line":353,"column":20},"end":{"line":353,"column":44}},"187":{"start":{"line":357,"column":16},"end":{"line":357,"column":84}},"188":{"start":{"line":358,"column":16},"end":{"line":358,"column":22}},"189":{"start":{"line":360,"column":16},"end":{"line":360,"column":51}},"190":{"start":{"line":361,"column":16},"end":{"line":361,"column":22}},"191":{"start":{"line":363,"column":16},"end":{"line":363,"column":52}},"192":{"start":{"line":364,"column":16},"end":{"line":364,"column":22}},"193":{"start":{"line":367,"column":16},"end":{"line":367,"column":52}},"194":{"start":{"line":368,"column":16},"end":{"line":368,"column":45}},"195":{"start":{"line":369,"column":16},"end":{"line":369,"column":22}},"196":{"start":{"line":371,"column":16},"end":{"line":371,"column":57}},"197":{"start":{"line":372,"column":16},"end":{"line":372,"column":63}},"198":{"start":{"line":373,"column":16},"end":{"line":385,"column":17}},"199":{"start":{"line":374,"column":20},"end":{"line":384,"column":23}},"200":{"start":{"line":375,"column":24},"end":{"line":375,"column":60}},"201":{"start":{"line":376,"column":24},"end":{"line":383,"column":25}},"202":{"start":{"line":377,"column":28},"end":{"line":382,"column":29}},"203":{"start":{"line":378,"column":32},"end":{"line":378,"column":67}},"204":{"start":{"line":381,"column":32},"end":{"line":381,"column":72}},"205":{"start":{"line":386,"column":16},"end":{"line":386,"column":22}},"206":{"start":{"line":388,"column":16},"end":{"line":388,"column":57}},"207":{"start":{"line":389,"column":16},"end":{"line":393,"column":17}},"208":{"start":{"line":390,"column":20},"end":{"line":390,"column":71}},"209":{"start":{"line":391,"column":20},"end":{"line":391,"column":72}},"210":{"start":{"line":392,"column":20},"end":{"line":392,"column":55}},"211":{"start":{"line":394,"column":16},"end":{"line":394,"column":22}},"212":{"start":{
[...]
 less complicated.","    for (i = path.length - 1; i >= 0; i--) {","      char = path[i];","      if (char[0] !== c) {","        var pos = char[1];","        str = str.slice(0, pos) + str.slice(pos + 1);","      }","    }","    return str;","  },","","  stripColorsAndStyle: function(str) {","    return exports.stripColors(exports.stripStyle(str));","  },","};","","Object.keys(extras).forEach(function(extra) {","  allColors.extras.push(extra);","  exports[extra] = extras[extra];","});","","// Adds all functions to each other so they can be chained.","function addGetters(fn, types) {","  Object.keys(allColors).forEach(function(type) {","    if (types.indexOf(type) > -1) { return; }","    allColors[type].forEach(function(color) {","      if (fn[color] != null) { return; }","      Object.defineProperty(fn, color, {","        get: function() {","          var f = function(str) { return exports[color](fn(str)); };","          addGetters(f, [].concat(types, type));","          return f;","        },","      });","    });","  });","}","","Object.keys(allColors).forEach(function(type) {","  allColors[type].forEach(function(color) {","    addGetters(exports[color], [type]);","  });","});","","","// Adds functions to global String object.","exports.global = function() {","  var str, irc = {};","","  String.prototype.__defineGetter__('irc', function() {","    str = this;","    return irc;","  });","","  for (var type in allColors) {","    allColors[type].forEach(function(color) {","      var fn = function() { return exports[color](str); };","      addGetters(fn, [type]);","      irc[color] = fn;","    });","  }","};",""],"l":{"1":1,"20":1,"27":1,"28":1,"29":4,"34":1,"35":1,"37":1,"42":1,"44":16,"45":0,"49":16,"50":0,"51":0,"52":0,"54":0,"58":16,"59":27,"60":27,"61":27,"62":27,"67":1,"68":4,"69":4,"70":0,"75":1,"77":0,"80":0,"81":0,"82":0,"84":0,"87":0,"93":1,"94":1,"95":1,"99":1,"101":0,"105":0,"106":0,"107":0,"108":0,"109":0,"110":0,"111":0,"112":0,"115":0,"116":0,"117":0,"119":0,"121":0,"129":0,"130":0,"131":0,"132":0,"133":0,"136":0,"140":0,"144":1,"145":3,"146":3,"150":1,"151":832,"152":4160,"153":2558,"154":12700,"155":11930,"157":770,"158":770,"159":770,"166":1,"167":5,"168":62,"174":1,"175":0,"177":0,"178":0,"179":0,"182":0,"183":0,"184":0,"185":0,"186":0}},"/home/travis/build/npmtest/node-npmtest-irc/node_modules/irc/lib/codes.js":{"path":"/home/travis/build/npmtest/node-npmtest-irc/node_modules/irc/lib/codes.js","s":{"1":1},"b":{},"f":{},"fnMap":{},"statementMap":{"1":{"start":{"line":1,"column":0},"end":{"line":514,"column":2}}},"branchMap":{},"code":["module.exports = {","   '001': {","      name: 'rpl_welcome',","      type: 'reply'","   },","   '002': {","      name: 'rpl_yourhost',","      type: 'reply'","   },","   '003': {","      name: 'rpl_created',","      type: 'reply'","   },","   '004': {","      name: 'rpl_myinfo',","      type: 'reply'","   },","   '005': {","      name: 'rpl_isupport',","      type: 'reply'","   },","   200: {","      name: 'rpl_tracelink',","      type: 'reply'","   },","   201: {","      name: 'rpl_traceconnecting',","      type: 'reply'","   },","   202: {","      name: 'rpl_tracehandshake',","      type: 'reply'","   },","   203: {","      name: 'rpl_traceunknown',","      type: 'reply'","   },","   204: {","      name: 'rpl_traceoperator',","      type: 'reply'","   },","   205: {","      name: 'rpl_traceuser',","      type: 'reply'","   },","   206: {","      name: 'rpl_traceserver',","      type: 'reply'","   },","   208: {","      name: 'rpl_tracenewtype',","      type: 'reply'","   },","   211: {","      name: 'rpl_statslinkinfo',","      type: 'reply'","   },","   212: {","      name: 'rpl_statscommands',","      type: 'reply'","   },","   213: {","      name: 'rpl_statscline',","      type: 'reply'","   },","   214: {","      name: 'rpl_statsnline',","      type: 'reply'","   },","   215: {","      name: 'rpl_statsiline',","      type: 'reply'","   },","   216: {","      name: 'rpl_statskline',","      type: 'reply'","   },","   218: {","      name: 'rpl_statsyline',","      type: 'reply'","   },","   219: {","      name: 'rpl_endofstats',","      type: 'reply'","   },","   221: {","      name: 'rpl_umodeis',","      type: 'reply'","   },","   241: {","      name: 'rpl_statslline',","      type: 'reply'","   },","   242: {","      name: 'rpl_statsuptime',","      type: 'reply'","   },","   243: {","      name: 'rpl_statsoline',","      type: 'reply'","   },","   244: {","      name: 'rpl_statshline',","      type: 'reply'","   },","   250: {","      name: 'rpl_statsconn',","      type: 'reply'","   },","   251: {","      name: 'rpl_luserclient',","      type: 'reply'","   },","   252: {","      name: 'rpl_luserop',","      type: 'reply'","   },","   253: {","      name: 'rpl_luserunknown',","      type: 'reply'","   },","   254: {","      name: 'rpl_luserchannels',","      type: 'reply'","   },","   255: {","      name: 'rpl_luserme',","      type: 'reply'","   },","   256: {","      name: 'rpl_adminme',","      type: 'reply'","   },","   257: {","      name: 'rpl_adminloc1',","      type: 'reply'","   },","   258: {","      name: 'rpl_adminloc2',","      type: 'reply'","   },","   259: {","      name: 'rpl_adminemail',","      type: 'reply'","   },","   261: {","      name: 'rpl_tracelog',","      type: 'reply'","   },","   265: {","      name: 'rpl_localusers',","      type: 'reply'","   },","   266: {","      name: 'rpl_globalusers',","      type: 'reply'","   },","   300: {","      name: 'rpl_none',","      type: 'reply'","   },","   301: {","      name: 'rpl_away',","      type: 'reply'","   },","   302: {","      name: 'rpl_userhost',","      type: 'reply'","   },","   303: {","      name: 'rpl_ison',","      type: 'reply'","   },","   305: {","      name: 'rpl_unaway',","      type: 'reply'","   },","   306: {","      name: 'rpl_nowaway',","      type: 'reply'","   },","   311: {","      name: 'rpl_whoisuser',","      type: 'reply'","   },","   312: {","      name: 'rpl_whoisserver',","      type: 'reply'","   },","   313: {","      name: 'rpl_whoisoperator',","      type: 'reply'","   },","   314: {","      name: 'rpl_whowasuser',","      type: 'reply'","   },","   315: {","      name: 'rpl_endofwho',","      type: 'reply'","   },","   317: {","      name: 'rpl_whoisidle',","      type: 'reply'","   },","   318: {","      name: 'rpl_endofwhois',","      type: 'reply'","   },","   319: {","      name: 'rpl_whoischannels',","      type: 'reply'","   },","   321: {","      name: 'rpl_liststart',","      type: 'reply'","   },","   322: {","      name: 'rpl_list',","      type: 'reply'","   },","   323: {","      name: 'rpl_listend',","      type: 'reply'","   },","   324: {","      name: 'rpl_channelmodeis',","      type: 'reply'","   },","   329: {","      name: 'rpl_creationtime',","      type: 'reply'","   },","   331: {","      name: 'rpl_notopic',","      type: 'reply'","   },","   332: {","      name: 'rpl_topic',","      type: 'reply'","   },","   333: {","      name: 'rpl_topicwhotime',","      type: 'reply'","   },","   341: {","      name: 'rpl_inviting',","      type: 'reply'","   },","   342: {","      name: 'rpl_summoning',","      type: 'reply'","   },","   351: {","      name: 'rpl_version',","      type: 'reply'","   },","   352: {","      name: 'rpl_whoreply',","      type: 'reply'","   },","   353: {","      name: 'rpl_namreply',","      type: 'reply'","   },","   364: {","      name: 'rpl_links',","      type: 'reply'","   },","   365: {","      name: 'rpl_endoflinks',","      type: 'reply'","   },","   366: {","      name: 'rpl_endofnames',","      type: 'reply'","   },","   367: {","      name: 'rpl_banlist',","      type: 'reply'","   },","   368: {","      name: 'rpl_endofbanlist',","      type: 'reply'","   },","   369: {","      name: 'rpl_endofwhowas',","      type: 'reply'","   },","   371: {","      name: 'rpl_info',","      type: 'reply'","   },","   372: {","      name: 'rpl_motd',","      type: 'reply'","   },","   374: {","      name: 'rpl_endofinfo',","      type: 'reply'","   },","   375: {","      name: 'rpl_motdstart',","      type: 'reply'","   },","   376: {","      name: 'rpl_endofmotd',","      type: 'reply'","   },","   381: {","      name: 'rpl_youreoper',","      type: 'reply'","   },","   382: {","      name: 'rpl_rehashing',","      type: 'reply'","   },","   391: {","      name: 'rpl_time',","      type: 'reply'","   },","   392: {","      name: 'rpl_usersstart',","      type: 'reply'","   },","   393: {","      name: 'rpl_users',","      type: 'reply'","   },","   394: {","      name: 'rpl_endofusers',","      type: 'reply'","   },","   395: {","      name: 'rpl_nousers',","      type: 'reply'","   },","   401: {","      name: 'err_nosuchnick',","      type: 'error'","   },","   402: {","      name: 'err_nosuchserver',","      type: 'error'","   },","   403: {","      name: 'err_nosuchchannel',","      type: 'error'","   },","   404: {","      name: 'err_cannotsendtochan',","      type: 'error'","   },","   405: {","      name: 'err_toomanychannels',","      type: 'error'","   },","   406: {","      name: 'err_wasnosuchnick',","      type: 'error'","   },","   407: {","      name: 'err_toomanytargets',","      type: 'error'","   },","   409: {","      name: 'err_noorigin',","      type: 'error'","   },","   411: {","      name: 'err_norecipient',","      type: 'error'","   },","   412: {","      name: 'err_notexttosend',","      type: 'error'","   },","   413: {","      name: 'err_notoplevel',","      type: 'error'","   },","   414: {","      name: 'err_wildtoplevel',","      type: 'error'","   },","   421: {","      name: 'err_unknowncommand',","      type: 'error'","   },","   422: {","      name: 'err_nomotd',","      type: 'error'","   },","   423: {","      name: 'err_noadmininfo',","      type: 'error'","   },","   424: {","      name: 'err_fileerror',","      type: 'error'","   },","   431: {","      name: 'err_nonicknamegiven',","      type: 'error'","   },","   432: {","      name: 'err_erroneusnickname',","      type: 'error'","   },","   433: {","      name: 'err_nicknameinuse',","      type: 'error'","   },","   436: {","      name: 'err_nickcollision',","      type: 'error'","   },","   441: {","      name: 'err_usernotinchannel',","      type: 'error'","   },","   442: {","      name: 'err_notonchannel',","      type: 'error'","   },","   443: {","      name: 'err_useronchannel',","      type: 'error'","   },","   444: {","      name: 'err_nologin',","      type: 'error'","   },","   445: {","      name: 'err_summondisabled',","      type: 'error'","   },","   446: {","      name: 'err_usersdisabled',","      type: 'error'","   },","   451: {","      name: 'err_notregistered',","      type: 'error'","   },","   461: {","      name: 'err_needmoreparams',","      type: 'error'","   },","   462: {","      name: 'err_alreadyregistred',","      type: 'error'","   },","   463: {","      name: 'err_nopermforhost',","      type: 'error'","   },","   464: {","      name: 'err_passwdmismatch',","      type: 'error'","   },","   465: {","      name: 'err_yourebannedcreep',","      type: 'error'","   },","   467: {","      name: 'err_keyset',","      type: 'error'","   },","   471: {","      name: 'err_channelisfull',","      type: 'error'","   },","   472: {","      name: 'err_unknownmode',","      type: 'error'","   },","   473: {","      name: 'err_inviteonlychan',","      type: 'error'","   },","   474: {","      name: 'err_bannedfromchan',","      type: 'error'","   },","   475: {","      name: 'err_badchannelkey',","      type: 'error'","   },","   481: {","      name: 'err_noprivileges',","      type: 'error'","   },","   482: {","      name: 'err_chanoprivsneeded',","      type: 'error'","   },","   483: {","      name: 'err_cantkillserver',","      type: 'error'","   },","   491: {","      name: 'err_nooperhost',","      type: 'error'","   },","   501: {","      name: 'err_umodeunknownflag',","      type: 'error'","   },","   502: {","      name: 'err_usersdontmatch',","      type: 'error'","   }","};",""],"l":{"1":1}},"/home/travis/build/npmtest/node-npmtest-irc/node_modules/irc/lib/cycling_ping_timer.js":{"path":"/home/travis/build/npmtest/node-npmtest-irc/node_modules/irc/lib/cycling_ping_timer.js","s":{"1":1,"2":1,"3":1,"4":1,"5":0,"6":0,"7":0,"8":0,"9":0,"10":1,"11":0,"12":0,"13":0,"14":0,"15":0,"16":0,"17":0,"18":0,"19":0,"20":0,"21":0,"22":0,"23":0,"24":0,"25":0,"26":0,"27":0,"28":0,"29":0,"30":0,"31":0,"32":0,"33":0,"34":0,"35":0,"36":0,"37":0,"38":0,"39":0,"40":1,"41":1},"b":{"1":[0,0],"2":[0,0],"3":[0,0],"4":[0,0]},"f":{"1":0,"2":0,"3":0,"4":0,"5":0,"6":0,"7":0,"8":0},"fnMap":{"1":{"name":"CyclingPingTimer","line":23,"loc":{"start":{"line":23,"column":0},"end":{"line":23,"column":34}}},"2":{"name":"debug","line":33,"loc":{"start":{"line":33,"column":4},"end":{"line":33,"column":24}}},"3":{"name":"(anonymous_3)","line":42,"loc":{"start":{"line":42,"column":24},"end":{"line":42,"column":35}}},"4":{"name":"(anonymous_4)","line":44,"loc":{"start":{"line":44,"column":37},"end":{"line":44,"column":48}}},"5":{"name":"(anonymous_5)","line":51,"loc":{"start":{"line":51,"column":28},"end":{"line":51,"column":39}}},"6":{"name":"(anonymous_6)","line":58,"loc":{"start":{"line":58,"column":16},"end":{"line":58,"column":27}}},"7":{"name":"(anonymous_7)","line":71,"loc":{"start":{"line":71,"column":17},"end":{"line":71,"column":28}}},"8":{"name":"(anonymous_8)","line":78,"loc":{"start":{"line":78,"column":36},"end":{"line":78,"column":47}}}},"statementMap":{"1":{"start":{"line":3,"column":0},"end":{"line":3,"column":27}},"2":{"start":{"line":4,"column":0},"end":{"line":4,"column":50}},"3":{"start":{"line":21,"column":0},"end":{"line":21,"column":12}},"4":{"start":{"line":23,"column":0},"end":{"line":83,"column":1}},"5":{"start":{"line":24,"column":4},"end":{"line":24,"column":28}},"6":{"start":{"line":25,"column":4},"end":{"line":25,"column":24}},"7":{"start":{"line":26,"column":4},"end":{"line":26,"column":20}},"8":{"start":{"line":29,"column":4},"end":{"line":29,"column":30}},"9":{"start":{"line":30,"column":4},"end":{"line":30,"column":31}},"10":{"start":{"line":33,"column":4},"end":{"line":37,"column":5}},"11":{"start":{"line":34,"column":8},"end":{"line":36,"column":9}},"12":{"start":{"line":35,"column":12},"end":{"line":35,"column":74}},"13":{"start":{"line":40,"column":4},"end":{"line":40,"column":28}},"14":{"start":{"line":42,"column":4},"end":{"line":49,"column":7}},"15":{"start":{"line":43,"column":8},"end":{"line":43,"column":64}},"16":{"start":{"line":44,"column":8},"end":{"line":48,"column":53}},"17":{"start":{"line":45,"column":12},"end":{"line":45,"column":24}},"18":{"start":{"line":46,"column":12},"end":{"line":46,"column":35}},"19":{"start":{"line":47,"column":12},"end":{"line":47,"column":37}},"20":{"start":{"line":51,"column":4},"end":{"line":56,"column":6}},"21":{"start":{"line":52,"column":8},"end":{"line":55,"column":9}},"22":{"start":{"line":53,"column":12},"end":{"line":53,"column":24}},"23":{"start":{"line":54,"column":12},"end":{"line":54,"column":25}},"24":{"start":{"line":58,"column":4},"end":{"line":69,"column":6}},"25":{"start":{"line":59,"column":8},"end":{"line":61,"column":9}},"26":{"start":{"line":60,"column":12},"end":{"line":60,"column":19}},"27":{"start":{"line":62,"column":8},"end":{"line":62,"column":24}},"28":{"start":{"line":64,"column":8},"end":{"line":64,"column":37}},"29":{"start":{"line":65,"column":8},"end":{"line":65,"column":38}},"30":{"start":{"line":67,"column":8},"end":{"line":67,"column":30}},"31":{"start":{"line":68,"column":8},"end":{"line":68,"column":31}},"32":{"start":{"line":71,"column":4},"end":{"line":82,"column":6}},"33":{"start":{"line":72,"column":8},"end":{"line":75,"column":9}},"34":{"start":{"line":73,"column":12},"end":{"line":73,"column":48}},"35":{"start":{"line":74,"column":12},"end":{"line":74,"column":19}},"36":{"start":{"line":76,"column":8},"end":{"line":76,"column":23}},"37":{"start":{"line":78,"column":8},"end":{"line":81,"column":59}},"38":{"start":{"line":79,"column":12},"end":{"line":79,"column":34}},"39":{"start":{"line":80,"column":12},"end":{"line":80,"column":34}},"40":{"start":{"line":85,"column":0},"end":{"line":85,"column":46}},"41":{"start":{"line":87,"column":0},"end":{"line":87,"column":34}}},"branchMap":{"1":{"line":34,"type":"if","locations":[{"start":{"line":34,"column":8},"end":{"line":34,"column":8}},{"start":{"line":34,"column":8},"end":{"line":34,"column":8}}]},"2":{"line":52,"type":"if","locations":[{"start":{"line":52,"column":8},"end":{"line":52,"column":8}},{"start":{"line":52,"column":8},"end":{"line":52,"column":8}}]},"3":{"line":59,"type":"if","locations":[{"start":{"line":59,"column":8},"end":{"line":59,"column":8}},{"start":{"line":59,"column":8},"end":{"line":59,"column":8}}]},"4":{"line":72,"type":"if","locations":[{"start":{"line":72,"column":8},"end":{"line":72,"column":8}},{"start":{"line":72,"column":8},"end":{"line":72,"column":8}}]}},"code":["'use strict';","","var util = require('util');","var EventEmitter = require('events').EventEmitter;","","/**"," * This class encapsulates the ping timeout functionality. When enough"," * silence (lack of server-sent activity) time passes, an object of this type"," * will emit a 'wantPing' event, indicating you should send a PING message"," * to the server in order to get some signs of life from it. If enough"," * time passes after that (i.e. server does not respond to PING), then"," * an object of this type will emit a 'pingTimeout' event."," *"," * To start the gears turning, call start() on an instance of this class To"," * put it in the 'started' state."," *"," * When server-side activity occurs, call notifyOfActivity() on the object."," *"," * When a pingTimeout occurs, the object will go into the 'stopped' state."," */","var ctr = 0;","","function CyclingPingTimer(client) {","    var timerNumber = ctr++;","    var started = false;","    var self = this;","","    // Only one of these two should be non-null at any given time.","    var loopingTimeout = null;","    var pingWaitTimeout = null;","","    // conditionally log debug messages","    function debug(msg) {","        if (client.opt.debug) {","            console.error('CyclingPingTimer ' + timerNumber + ': ' + msg);","        }","    }","","    // set up EventEmitter functionality","    EventEmitter.call(self);","","    self.on('wantPing', function() {","        debug('server silent for too long, let\\'s send a PING');","        pingWaitTimeout = setTimeout(function() {","            self.stop();","            debug('ping timeout!');","            self.emit('pingTimeout');","        }, client.opt.millisecondsBeforePingTimeout);","    });","","    self.notifyOfActivity = function() {","        if (started) {","            self.stop();","            self.start();","        }","    };","","    self.stop = function() {","        if (!started) {","            return;","        }","        started = false;","","        clearTimeout(loopingTimeout);","        clearTimeout(pingWaitTimeout);","","        loopingTimeout = null;","        pingWaitTimeout = null;","    };","","    self.start = function() {","        if (started) {","            debug('can\\'t start, not stopped!');","            return;","        }","        started = true;","","        loopingTimeout = setTimeout(function() {","            loopingTimeout = null;","            self.emit('wantPing');","        }, client.opt.millisecondsOfSilenceBeforePingSent);","    };","}","","util.inherits(CyclingPingTimer, EventEmitter);","","module.exports = CyclingPingTimer;",""],"l":{"3":1,"4":1,"21":1,"23":1,"24":0,"25":0,"26":0,"29":0,"30":0,"33":1,"34":0,"35":0,"40":0,"42":0,"43":0,"44":0,"45":0,"46":0,"47":0,"51":0,"52":0,"53":0,"54":0,"58":0,"59":0,"60":0,"62":0,"64":0,"65":0,"67":0,"68":0,"71":0,"72":0,"73":0,"74":0,"76":0,"78":0,"79":0,"80":0,"85":1,"87":1}}}